 mcnpx    ver=2.5e  ld=Mon Feb 23 08:00:00 MST 2004   05/14/15 13:54:16

 *****************************************************
 *                                                   *
 *            Copyright Notice for MCNPX             *
 *                                                   *
 * This program was prepared by the Regents of the   *
 * University of California at Los Alamos National   *
 * Laboratory (the University) under contract number *
 * W-7405-ENG-36 with the U.S. Department of Energy  *
 * (DOE).  The University has certain rights in the  *
 * program pursuant to the contract and the program  *
 * should not be copied or distributed outside your  *
 * organization.   All rights in the program are     *
 * reserved by the DOE and the University.  Neither  *
 * the U.S. Government nor the University makes any  *
 * warranty, express or implied, or assumes any      *
 * liability or responsibility for the use of this   *
 * software.                                         *
 *                                                   *
 *****************************************************
 
 warning.   374 surfaces were deleted for being the same as others.
 imcn   is done
 runtpe already exists.  runtpf is created instead.
 runtpf already exists.  runtpg is created instead.
 runtpg already exists.  runtph is created instead.
 dump    1 on file runtph     nps =           0  coll =              0
                              ctm =      0.00     nrn =              0
 xact   is done
 dynamic storage =         0 words,          0 bytes.      cp0 =  0.02
 dump    2 on file runtph     nps =     1494320  coll =       68819791
                              ctm =     15.00     nrn =     1065461862
 dump    3 on file runtph     nps =     2988536  coll =      137576202
                              ctm =     30.01     nrn =     2129858129
 dump    4 on file runtph     nps =     4483061  coll =      206359380
                              ctm =     45.02     nrn =     3194754181
 dump    5 on file runtph     nps =     5980600  coll =      275371960
                              ctm =     60.02     nrn =     4263375644
 dump    6 on file runtph     nps =     7480268  coll =      344334037
                              ctm =     75.04     nrn =     5331059295
 dump    7 on file runtph     nps =     8979836  coll =      413326177
                              ctm =     90.05     nrn =     6399151763
 dump    8 on file runtph     nps =    10475862  coll =      482227319
                              ctm =    105.05     nrn =     7465870672
 dump    9 on file runtph     nps =    11973674  coll =      551189387
                              ctm =    120.06     nrn =     8533585465
 dump   10 on file runtph     nps =    13469890  coll =      620113436
                              ctm =    135.06     nrn =     9600656602
 dump   11 on file runtph     nps =    14965656  coll =      689008392
                              ctm =    150.07     nrn =    10667309295
 dump   12 on file runtph     nps =    16463776  coll =      757914499
                              ctm =    165.09     nrn =    11734058610
 dump   13 on file runtph     nps =    17961446  coll =      826858067
                              ctm =    180.09     nrn =    12801481430
 dump   14 on file runtph     nps =    19459324  coll =      895854248
                              ctm =    195.11     nrn =    13869731505
 dump   15 on file runtph     nps =    20955332  coll =      964720897
                              ctm =    210.11     nrn =    14935823489
 dump   16 on file runtph     nps =    22452794  coll =     1033623755
                              ctm =    225.12     nrn =    16002478502
 dump   17 on file runtph     nps =    23950672  coll =     1102735301
                              ctm =    240.13     nrn =    17072524458
 dump   18 on file runtph     nps =    25450212  coll =     1171781405
                              ctm =    255.14     nrn =    18141479825
 dump   19 on file runtph     nps =    26948090  coll =     1240824530
                              ctm =    270.15     nrn =    19210506766
 dump   20 on file runtph     nps =    28448876  coll =     1309857326
                              ctm =    285.16     nrn =    20279210370
 dump   21 on file runtph     nps =    29948416  coll =     1378928516
                              ctm =    300.18     nrn =    21348819482
 dump   22 on file runtph     nps =    31447956  coll =     1447972734
                              ctm =    315.19     nrn =    22417684022
 dump   23 on file runtph     nps =    32944172  coll =     1516909778
                              ctm =    330.20     nrn =    23485070012
 dump   24 on file runtph     nps =    34441634  coll =     1585829164
                              ctm =    345.21     nrn =    24552124292
 dump   25 on file runtph     nps =    35937850  coll =     1654775434
                              ctm =    360.22     nrn =    25619613903
 dump   26 on file runtph     nps =    37435728  coll =     1723781566
                              ctm =    375.23     nrn =    26688063470
 dump   27 on file runtph     nps =    38933606  coll =     1792746109
                              ctm =    390.24     nrn =    27755794399
 dump   28 on file runtph     nps =    40431068  coll =     1861675186
                              ctm =    405.25     nrn =    28822884442
 dump   29 on file runtph     nps =    41928946  coll =     1930566135
                              ctm =    420.26     nrn =    29889336991
 dump   30 on file runtph     nps =    43424746  coll =     1999509815
                              ctm =    435.26     nrn =    30956732415
 dump   31 on file runtph     nps =    44922208  coll =     2068407381
                              ctm =    450.27     nrn =    32023395222
 dump   32 on file runtph     nps =    46420502  coll =     2137416306
                              ctm =    465.28     nrn =    33091735025
 dump   33 on file runtph     nps =    47917964  coll =     2206390121
                              ctm =    480.28     nrn =    34159608906
 dump   34 on file runtph     nps =    49416258  coll =     2275437330
                              ctm =    495.29     nrn =    35228710109
 dump   35 on file runtph     nps =    50913720  coll =     2344425158
                              ctm =    510.29     nrn =    36296824850
 dump   36 on file runtph     nps =    52412844  coll =     2413456050
                              ctm =    525.31     nrn =    37365672109
 dump   37 on file runtph     nps =    53911138  coll =     2482379905
                              ctm =    540.32     nrn =    38432615999
 dump   38 on file runtph     nps =    55410269  coll =     2551460173
                              ctm =    555.33     nrn =    39502290895
 dump   39 on file runtph     nps =    56907731  coll =     2620497638
                              ctm =    570.34     nrn =    40571375131
 dump   40 on file runtph     nps =    58406632  coll =     2689572692
                              ctm =    585.35     nrn =    41640846382
 dump   41 on file runtph     nps =    59904958  coll =     2758502079
                              ctm =    600.36     nrn =    42707989881
 dump   42 on file runtph     nps =    61403321  coll =     2827508388
                              ctm =    615.36     nrn =    43776369507
 dump   43 on file runtph     nps =    62901777  coll =     2896561990
                              ctm =    630.38     nrn =    44845486853
 dump   44 on file runtph     nps =    64400140  coll =     2965522050
                              ctm =    645.38     nrn =    45913179577
 dump   45 on file runtph     nps =    65898534  coll =     3034523553
                              ctm =    660.38     nrn =    46981496446
 dump   46 on file runtph     nps =    67398560  coll =     3103581361
                              ctm =    675.40     nrn =    48050560089
 dump   47 on file runtph     nps =    68893597  coll =     3172493595
                              ctm =    690.41     nrn =    49117605581
 dump   48 on file runtph     nps =    70391991  coll =     3241457516
                              ctm =    705.42     nrn =    50185381645
 dump   49 on file runtph     nps =    71890354  coll =     3310408437
                              ctm =    720.42     nrn =    51252834320
 dump   50 on file runtph     nps =    73390380  coll =     3379490996
                              ctm =    735.43     nrn =    52322527198
 dump   51 on file runtph     nps =    74888774  coll =     3448444653
                              ctm =    750.43     nrn =    53389933718
 dump   52 on file runtph     nps =    76383811  coll =     3517348339
                              ctm =    765.43     nrn =    54456806071
 dump   53 on file runtph     nps =    77882205  coll =     3586318701
                              ctm =    780.44     nrn =    55524491027
 dump   54 on file runtph     nps =    79380568  coll =     3655319810
                              ctm =    795.44     nrn =    56592747334
 dump   55 on file runtph     nps =    80880594  coll =     3724356354
                              ctm =    810.46     nrn =    57661550033
 dump   56 on file runtph     nps =    82378988  coll =     3793313075
                              ctm =    825.47     nrn =    58729091356
 dump   57 on file runtph     nps =    83877351  coll =     3862278735
                              ctm =    840.48     nrn =    59796866931
 dump   58 on file runtph     nps =    85364073  coll =     3930678364
                              ctm =    855.49     nrn =    60855809450
 dump   59 on file runtph     nps =    86862436  coll =     3999581472
                              ctm =    870.50     nrn =    61922491680
 dump   60 on file runtph     nps =    88360799  coll =     4068601653
                              ctm =    885.50     nrn =    62991113805
 dump   61 on file runtph     nps =    89857499  coll =     4137597815
                              ctm =    900.50     nrn =    64059440611
 dump   62 on file runtph     nps =    91355924  coll =     4206661463
                              ctm =    915.51     nrn =    65128854334
 dump   63 on file runtph     nps =    92855950  coll =     4275743030
                              ctm =    930.52     nrn =    66198345008
 dump   64 on file runtph     nps =    94352650  coll =     4344714596
                              ctm =    945.52     nrn =    67266190456
 dump   65 on file runtph     nps =    95851013  coll =     4413744984
                              ctm =    960.53     nrn =    68334932747
 dump   66 on file runtph     nps =    97351039  coll =     4482816826
                              ctm =    975.54     nrn =    69404241759
 dump   67 on file runtph     nps =    98849464  coll =     4551801261
                              ctm =    990.55     nrn =    70472187804
 run terminated when 100000000 particle histories were done.
 warning.     1 of   1 tallies had bins with large relative errors.
 dump   68 on file runtph     nps =   100000000  coll =     4604825492
                              ctm =   1002.06     nrn =    71293146716
 mcrun  is done
