 mcnpx    ver=2.5e  ld=Mon Feb 23 08:00:00 MST 2004   05/18/15 13:09:01

 *****************************************************
 *                                                   *
 *            Copyright Notice for MCNPX             *
 *                                                   *
 * This program was prepared by the Regents of the   *
 * University of California at Los Alamos National   *
 * Laboratory (the University) under contract number *
 * W-7405-ENG-36 with the U.S. Department of Energy  *
 * (DOE).  The University has certain rights in the  *
 * program pursuant to the contract and the program  *
 * should not be copied or distributed outside your  *
 * organization.   All rights in the program are     *
 * reserved by the DOE and the University.  Neither  *
 * the U.S. Government nor the University makes any  *
 * warranty, express or implied, or assumes any      *
 * liability or responsibility for the use of this   *
 * software.                                         *
 *                                                   *
 *****************************************************
 m5: 1001.50c 0.433013139 8016.24c 0.254732249 6000 0.007709002       
 warning.  neutron table inconsistent with mode will be ignored.
 warning.  neutron table inconsistent with mode will be ignored.
          12000 0.002737254 13027.60c 0.009664184 14000 0.086027996   
 warning.  neutron table inconsistent with mode will be ignored.
          16000 0.001452421 20000.60c 0.015641454 26000 0.00525106    
 warning.  neutron table inconsistent with mode will be ignored.
          5010.60c 0.00420085 5011.60c 0.00105021 22000 0.178520181   
 warning.  neutron table inconsistent with mode will be ignored.
 warning.  neutron table inconsistent with mode will be ignored.
 m6: 1001.50c 0.16669048 8016.24c 0.565556984                         
 warning.  neutron table inconsistent with mode will be ignored.
 warning.  neutron table inconsistent with mode will be ignored.
          12000 0.006096109 13027.60c 0.021431633 14000 0.190503405   
 warning.  neutron table inconsistent with mode will be ignored.
          16000 0.003190932 20000.60c 0.034885936 26000 0.011644521   
 warning.  neutron table inconsistent with mode will be ignored.
 m8: 16000 0.333333 1001.50c 0.666667                                 
 warning.  neutron table inconsistent with mode will be ignored.
 
 warning.   373 surfaces were deleted for being the same as others.
 warning.    19 energy bins of tally  14 are below energy cutoff.
 imcn   is done
 runtpe already exists.  runtpf is created instead.
 runtpf already exists.  runtpg is created instead.
 warning.  material    7 has been set to a conductor.
 dump    1 on file runtpg     nps =           0  coll =              0
                              ctm =      0.00     nrn =              0
 xact   is done
 dynamic storage =         0 words,          0 bytes.      cp0 =  0.01
 dump    2 on file runtpg     nps =     2113688  coll =       13633149
                              ctm =     15.01     nrn =      165608571
 dump    3 on file runtpg     nps =     4227376  coll =       27266240
                              ctm =     30.03     nrn =      331207709
 dump    4 on file runtpg     nps =     6341064  coll =       40891459
                              ctm =     45.03     nrn =      496701279
 dump    5 on file runtpg     nps =     8457211  coll =       54545155
                              ctm =     60.05     nrn =      662553978
 dump    6 on file runtpg     nps =    10570927  coll =       68185475
                              ctm =     75.05     nrn =      828224156
 dump    7 on file runtpg     nps =    12686990  coll =       81833178
                              ctm =     90.06     nrn =      994001653
 dump    8 on file runtpg     nps =    14800706  coll =       95450717
                              ctm =    105.07     nrn =     1159427778
 dump    9 on file runtpg     nps =    16914422  coll =      109079088
                              ctm =    120.08     nrn =     1324961822
 dump   10 on file runtpg     nps =    19028138  coll =      122707406
                              ctm =    135.09     nrn =     1490504541
 dump   11 on file runtpg     nps =    21141854  coll =      136348403
                              ctm =    150.10     nrn =     1656191456
 dump   12 on file runtpg     nps =    23255570  coll =      149983723
                              ctm =    165.10     nrn =     1821821840
 dump   13 on file runtpg     nps =    25369286  coll =      163612653
                              ctm =    180.10     nrn =     1987390152
 dump   14 on file runtpg     nps =    27480655  coll =      177239064
                              ctm =    195.10     nrn =     2152901153
 dump   15 on file runtpg     nps =    29594371  coll =      190883008
                              ctm =    210.11     nrn =     2318612738
 dump   16 on file runtpg     nps =    31708087  coll =      204515332
                              ctm =    225.11     nrn =     2484220315
 dump   17 on file runtpg     nps =    33819456  coll =      218125461
                              ctm =    240.12     nrn =     2649563064
 dump   18 on file runtpg     nps =    35930825  coll =      231757449
                              ctm =    255.12     nrn =     2815147662
 dump   19 on file runtpg     nps =    38044541  coll =      245402900
                              ctm =    270.14     nrn =     2980905863
 dump   20 on file runtpg     nps =    40160604  coll =      259035869
                              ctm =    285.16     nrn =     3146508222
 dump   21 on file runtpg     nps =    42274320  coll =      272652053
                              ctm =    300.17     nrn =     3311921585
 dump   22 on file runtpg     nps =    44388967  coll =      286289911
                              ctm =    315.18     nrn =     3477563634
 dump   23 on file runtpg     nps =    46501752  coll =      299910103
                              ctm =    330.19     nrn =     3643008766
 dump   24 on file runtpg     nps =    48616399  coll =      313548307
                              ctm =    345.21     nrn =     3808677795
 dump   25 on file runtpg     nps =    50729184  coll =      327171957
                              ctm =    360.22     nrn =     3974158533
 dump   26 on file runtpg     nps =    52841484  coll =      340791128
                              ctm =    375.22     nrn =     4139625632
 dump   27 on file runtpg     nps =    54956616  coll =      354430419
                              ctm =    390.23     nrn =     4305302627
 dump   28 on file runtpg     nps =    57068916  coll =      368053850
                              ctm =    405.23     nrn =     4470796747
 dump   29 on file runtpg     nps =    59184048  coll =      381687374
                              ctm =    420.25     nrn =     4636414374
 dump   30 on file runtpg     nps =    61296348  coll =      395315858
                              ctm =    435.25     nrn =     4801968355
 dump   31 on file runtpg     nps =    63411480  coll =      408958587
                              ctm =    450.26     nrn =     4967676116
 dump   32 on file runtpg     nps =    65523780  coll =      422581649
                              ctm =    465.27     nrn =     5133149381
 dump   33 on file runtpg     nps =    67636565  coll =      436204446
                              ctm =    480.28     nrn =     5298631798
 dump   34 on file runtpg     nps =    69749350  coll =      449837238
                              ctm =    495.29     nrn =     5464228576
 dump   35 on file runtpg     nps =    71866344  coll =      463490232
                              ctm =    510.29     nrn =     5630078445
 dump   36 on file runtpg     nps =    73986170  coll =      477168350
                              ctm =    525.30     nrn =     5796219493
 dump   37 on file runtpg     nps =    76103164  coll =      490811563
                              ctm =    540.30     nrn =     5961959256
 dump   38 on file runtpg     nps =    78220643  coll =      504466354
                              ctm =    555.31     nrn =     6127840720
 dump   39 on file runtpg     nps =    80339984  coll =      518127938
                              ctm =    570.33     nrn =     6293823444
 dump   40 on file runtpg     nps =    82457463  coll =      531795122
                              ctm =    585.33     nrn =     6459833035
 dump   41 on file runtpg     nps =    84574669  coll =      545442725
                              ctm =    600.33     nrn =     6625638948
 dump   42 on file runtpg     nps =    86657217  coll =      558884783
                              ctm =    615.34     nrn =     6788914116
 dump   43 on file runtpg     nps =    88774211  coll =      572537190
                              ctm =    630.34     nrn =     6954741954
 dump   44 on file runtpg     nps =    90893551  coll =      586202131
                              ctm =    645.35     nrn =     7120728640
 dump   45 on file runtpg     nps =    93012892  coll =      599863273
                              ctm =    660.36     nrn =     7286687464
 dump   46 on file runtpg     nps =    95129886  coll =      613519469
                              ctm =    675.37     nrn =     7452568881
 dump   47 on file runtpg     nps =    97249227  coll =      627186539
                              ctm =    690.37     nrn =     7618567373
 dump   48 on file runtpg     nps =    99369538  coll =      640869884
                              ctm =    705.39     nrn =     7784770781
 run terminated when 100000000 particle histories were done.
 warning.     1 of   1 tallies had bins with large relative errors.
 dump   49 on file runtpg     nps =   100000000  coll =      644931295
                              ctm =    709.85     nrn =     7834116353
 mcrun  is done
