 mcnpx    ver=2.5e  ld=Mon Feb 23 08:00:00 MST 2004   05/19/15 10:46:20

 *****************************************************
 *                                                   *
 *            Copyright Notice for MCNPX             *
 *                                                   *
 * This program was prepared by the Regents of the   *
 * University of California at Los Alamos National   *
 * Laboratory (the University) under contract number *
 * W-7405-ENG-36 with the U.S. Department of Energy  *
 * (DOE).  The University has certain rights in the  *
 * program pursuant to the contract and the program  *
 * should not be copied or distributed outside your  *
 * organization.   All rights in the program are     *
 * reserved by the DOE and the University.  Neither  *
 * the U.S. Government nor the University makes any  *
 * warranty, express or implied, or assumes any      *
 * liability or responsibility for the use of this   *
 * software.                                         *
 *                                                   *
 *****************************************************
 m5: 1001.50c 0.433013139 8016.24c 0.254732249 6000 0.007709002       
 warning.  neutron table inconsistent with mode will be ignored.
 warning.  neutron table inconsistent with mode will be ignored.
          12000 0.002737254 13027.60c 0.009664184 14000 0.086027996   
 warning.  neutron table inconsistent with mode will be ignored.
          16000 0.001452421 20000.60c 0.015641454 26000 0.00525106    
 warning.  neutron table inconsistent with mode will be ignored.
          5010.60c 0.00420085 5011.60c 0.00105021 22000 0.178520181   
 warning.  neutron table inconsistent with mode will be ignored.
 warning.  neutron table inconsistent with mode will be ignored.
 m6: 1001.50c 0.16669048 8016.24c 0.565556984                         
 warning.  neutron table inconsistent with mode will be ignored.
 warning.  neutron table inconsistent with mode will be ignored.
          12000 0.006096109 13027.60c 0.021431633 14000 0.190503405   
 warning.  neutron table inconsistent with mode will be ignored.
          16000 0.003190932 20000.60c 0.034885936 26000 0.011644521   
 warning.  neutron table inconsistent with mode will be ignored.
 m8: 16000 0.333333 1001.50c 0.666667                                 
 warning.  neutron table inconsistent with mode will be ignored.
 
 warning.   373 surfaces were deleted for being the same as others.
 warning.    19 energy bins of tally  14 are below energy cutoff.
 imcn   is done
 runtpe already exists.  runtpf is created instead.
 runtpf already exists.  runtpg is created instead.
 runtpg already exists.  runtph is created instead.
 runtph already exists.  runtpi is created instead.
 runtpi already exists.  runtpj is created instead.
 runtpj already exists.  runtpk is created instead.
 runtpk already exists.  runtpl is created instead.
 warning.  material    7 has been set to a conductor.
 dump    1 on file runtpl     nps =           0  coll =              0
                              ctm =      0.00     nrn =              0
 xact   is done
 dynamic storage =         0 words,          0 bytes.      cp0 =  0.01
 dump    2 on file runtpl     nps =     2383350  coll =       20200209
                              ctm =     15.02     nrn =      240347090
 dump    3 on file runtpl     nps =     4764055  coll =       40376524
                              ctm =     30.02     nrn =      480404765
 dump    4 on file runtpl     nps =     7147970  coll =       60573115
                              ctm =     45.03     nrn =      720698684
 dump    5 on file runtpl     nps =     9530755  coll =       80768383
                              ctm =     60.04     nrn =      960996946
 dump    6 on file runtpl     nps =    11882679  coll =      100701754
                              ctm =     75.05     nrn =     1198142452
 dump    7 on file runtpl     nps =    14264761  coll =      120889677
                              ctm =     90.06     nrn =     1438333032
 dump    8 on file runtpl     nps =    16648000  coll =      141087450
                              ctm =    105.06     nrn =     1678640252
 dump    9 on file runtpl     nps =    19031507  coll =      161290375
                              ctm =    120.07     nrn =     1919002893
 dump   10 on file runtpl     nps =    21415264  coll =      181494872
                              ctm =    135.08     nrn =     2159388115
 dump   11 on file runtpl     nps =    23798802  coll =      201702825
                              ctm =    150.09     nrn =     2399832339
 dump   12 on file runtpl     nps =    26182590  coll =      221899052
                              ctm =    165.10     nrn =     2640129979
 dump   13 on file runtpl     nps =    28563962  coll =      242089240
                              ctm =    180.10     nrn =     2880358812
 dump   14 on file runtpl     nps =    30944655  coll =      262262104
                              ctm =    195.11     nrn =     3120392906
 dump   15 on file runtpl     nps =    33325673  coll =      282440398
                              ctm =    210.11     nrn =     3360493488
 dump   16 on file runtpl     nps =    35706691  coll =      302633443
                              ctm =    225.12     nrn =     3600755989
 dump   17 on file runtpl     nps =    38087709  coll =      322818872
                              ctm =    240.12     nrn =     3840936124
 dump   18 on file runtpl     nps =    40471370  coll =      343020371
                              ctm =    255.12     nrn =     4081278252
 dump   19 on file runtpl     nps =    42852949  coll =      363209794
                              ctm =    270.12     nrn =     4321508763
 dump   20 on file runtpl     nps =    45235792  coll =      383403047
                              ctm =    285.13     nrn =     4561756405
 dump   21 on file runtpl     nps =    47618036  coll =      403592051
                              ctm =    300.14     nrn =     4801979739
 dump   22 on file runtpl     nps =    50000724  coll =      423794214
                              ctm =    315.15     nrn =     5042331567
 dump   23 on file runtpl     nps =    52382968  coll =      443985821
                              ctm =    330.16     nrn =     5282589628
 dump   24 on file runtpl     nps =    54765656  coll =      464180781
                              ctm =    345.16     nrn =     5522869519
 dump   25 on file runtpl     nps =    57147900  coll =      484375488
                              ctm =    360.16     nrn =     5763142507
 dump   26 on file runtpl     nps =    59530588  coll =      504559762
                              ctm =    375.17     nrn =     6003324197
 dump   27 on file runtpl     nps =    61913276  coll =      524754058
                              ctm =    390.17     nrn =     6243597282
 dump   28 on file runtpl     nps =    64298164  coll =      544954281
                              ctm =    405.19     nrn =     6483925641
 dump   29 on file runtpl     nps =    66678208  coll =      565117081
                              ctm =    420.19     nrn =     6723850851
 dump   30 on file runtpl     nps =    69060452  coll =      585301469
                              ctm =    435.20     nrn =     6964004643
 dump   31 on file runtpl     nps =    71440496  coll =      605465870
                              ctm =    450.20     nrn =     7203944587
 dump   32 on file runtpl     nps =    73825828  coll =      625697425
                              ctm =    465.21     nrn =     7444640691
 dump   33 on file runtpl     nps =    76210716  coll =      645905076
                              ctm =    480.23     nrn =     7685066392
 dump   34 on file runtpl     nps =    78561397  coll =      665833131
                              ctm =    495.23     nrn =     7922183999
 dump   35 on file runtpl     nps =    80942740  coll =      686016929
                              ctm =    510.24     nrn =     8162375011
 dump   36 on file runtpl     nps =    83326608  coll =      706224474
                              ctm =    525.25     nrn =     8402812683
 dump   37 on file runtpl     nps =    85708852  coll =      726412773
                              ctm =    540.26     nrn =     8643022868
 dump   38 on file runtpl     nps =    88088452  coll =      746590858
                              ctm =    555.26     nrn =     8883102479
 dump   39 on file runtpl     nps =    90452947  coll =      766626296
                              ctm =    570.27     nrn =     9121477670
 dump   40 on file runtpl     nps =    92834290  coll =      786801444
                              ctm =    585.28     nrn =     9361541602
 dump   41 on file runtpl     nps =    95215633  coll =      806989924
                              ctm =    600.28     nrn =     9601748004
 dump   42 on file runtpl     nps =    97599619  coll =      827185828
                              ctm =    615.29     nrn =     9842016803
 dump   43 on file runtpl     nps =    99982305  coll =      847376732
                              ctm =    630.29     nrn =    10082271413
 run terminated when 100000000 particle histories were done.
 warning.     1 of   1 tallies had bins with large relative errors.
 dump   44 on file runtpl     nps =   100000000  coll =      847524856
                              ctm =    630.40     nrn =    10084035235
 mcrun  is done
