 mcnpx    ver=2.5e  ld=Mon Feb 23 08:00:00 MST 2004   04/28/15 13:39:44

 *****************************************************
 *                                                   *
 *            Copyright Notice for MCNPX             *
 *                                                   *
 * This program was prepared by the Regents of the   *
 * University of California at Los Alamos National   *
 * Laboratory (the University) under contract number *
 * W-7405-ENG-36 with the U.S. Department of Energy  *
 * (DOE).  The University has certain rights in the  *
 * program pursuant to the contract and the program  *
 * should not be copied or distributed outside your  *
 * organization.   All rights in the program are     *
 * reserved by the DOE and the University.  Neither  *
 * the U.S. Government nor the University makes any  *
 * warranty, express or implied, or assumes any      *
 * liability or responsibility for the use of this   *
 * software.                                         *
 *                                                   *
 *****************************************************
 
 warning.   321 surfaces were deleted for being the same as others.
 imcn   is done
 runtpe already exists.  runtpf is created instead.
 dump    1 on file runtpf     nps =           0  coll =              0
                              ctm =      0.00     nrn =              0
 xact   is done
 dynamic storage =         0 words,          0 bytes.      cp0 =  0.01
 dump    2 on file runtpf     nps =     1857984  coll =       83594480
                              ctm =     15.00     nrn =     1301291602
 dump    3 on file runtpf     nps =     3779055  coll =      169886588
                              ctm =     30.01     nrn =     2644497758
 dump    4 on file runtpf     nps =     5697379  coll =      256225772
                              ctm =     45.01     nrn =     3988641560
 dump    5 on file runtpf     nps =     7616167  coll =      342425437
                              ctm =     60.02     nrn =     5330456279
 dump    6 on file runtpf     nps =     9537936  coll =      428813683
                              ctm =     75.03     nrn =     6675237565
 dump    7 on file runtpf     nps =    11459044  coll =      515256328
                              ctm =     90.04     nrn =     8020879786
 dump    8 on file runtpf     nps =    13377782  coll =      601551510
                              ctm =    105.06     nrn =     9364226406
 dump    9 on file runtpf     nps =    15295436  coll =      687832648
                              ctm =    120.06     nrn =    10707411182
 dump   10 on file runtpf     nps =    17216580  coll =      774111007
                              ctm =    135.07     nrn =    12050418993
 dump   11 on file runtpf     nps =    19132920  coll =      860320939
                              ctm =    150.08     nrn =    13392497134
 dump   12 on file runtpf     nps =    21047108  coll =      946379055
                              ctm =    165.09     nrn =    14732045837
 dump   13 on file runtpf     nps =    22963420  coll =     1032596498
                              ctm =    180.11     nrn =    16074115509
 dump   14 on file runtpf     nps =    24879875  coll =     1118899613
                              ctm =    195.11     nrn =    17417672956
 dump   15 on file runtpf     nps =    26800375  coll =     1205304593
                              ctm =    210.11     nrn =    18762681932
 dump   16 on file runtpf     nps =    28718772  coll =     1291560492
                              ctm =    225.12     nrn =    20105450513
 dump   17 on file runtpf     nps =    30634298  coll =     1377722019
                              ctm =    240.13     nrn =    21446820306
 dump   18 on file runtpf     nps =    32554738  coll =     1464173321
                              ctm =    255.15     nrn =    22792646992
 dump   19 on file runtpf     nps =    34475178  coll =     1550554727
                              ctm =    270.16     nrn =    24137381175
 dump   20 on file runtpf     nps =    36393494  coll =     1636921013
                              ctm =    285.17     nrn =    25481881120
 dump   21 on file runtpf     nps =    38312487  coll =     1723254933
                              ctm =    300.17     nrn =    26825867944
 dump   22 on file runtpf     nps =    40230740  coll =     1809453540
                              ctm =    315.18     nrn =    28167509235
 dump   23 on file runtpf     nps =    42148993  coll =     1895753853
                              ctm =    330.19     nrn =    29510841378
 dump   24 on file runtpf     nps =    44069674  coll =     1982100453
                              ctm =    345.20     nrn =    30854947591
 dump   25 on file runtpf     nps =    45989753  coll =     2068427457
                              ctm =    360.22     nrn =    32198624889
 dump   26 on file runtpf     nps =    47908308  coll =     2154746662
                              ctm =    375.22     nrn =    33542361858
 dump   27 on file runtpf     nps =    49826576  coll =     2241084154
                              ctm =    390.22     nrn =    34886438239
 dump   28 on file runtpf     nps =    51746032  coll =     2327451597
                              ctm =    405.23     nrn =    36230986980
 dump   29 on file runtpf     nps =    53667216  coll =     2413775348
                              ctm =    420.24     nrn =    37574690386
 dump   30 on file runtpf     nps =    55586672  coll =     2500173885
                              ctm =    435.25     nrn =    38919830660
 dump   31 on file runtpf     nps =    57507856  coll =     2586664395
                              ctm =    450.26     nrn =    40266301383
 dump   32 on file runtpf     nps =    59429440  coll =     2673115503
                              ctm =    465.27     nrn =    41612193255
 dump   33 on file runtpf     nps =    61348896  coll =     2759440478
                              ctm =    480.28     nrn =    42955949314
 dump   34 on file runtpf     nps =    63268022  coll =     2845884064
                              ctm =    495.29     nrn =    44301751936
 dump   35 on file runtpf     nps =    65188380  coll =     2932243501
                              ctm =    510.30     nrn =    45646127643
 dump   36 on file runtpf     nps =    67109331  coll =     3018585578
                              ctm =    525.31     nrn =    46990009927
 dump   37 on file runtpf     nps =    69027560  coll =     3104967423
                              ctm =    540.31     nrn =    48334873329
 dump   38 on file runtpf     nps =    70947722  coll =     3191282673
                              ctm =    555.33     nrn =    49678547974
 dump   39 on file runtpf     nps =    72868080  coll =     3277659046
                              ctm =    570.33     nrn =    51023237969
 dump   40 on file runtpf     nps =    74788242  coll =     3363946245
                              ctm =    585.33     nrn =    52366324249
 dump   41 on file runtpf     nps =    76706471  coll =     3450307572
                              ctm =    600.34     nrn =    53710834812
 dump   42 on file runtpf     nps =    78626633  coll =     3536582259
                              ctm =    615.34     nrn =    55053738791
 dump   43 on file runtpf     nps =    80546991  coll =     3622955424
                              ctm =    630.34     nrn =    56398248598
 dump   44 on file runtpf     nps =    82467153  coll =     3709257864
                              ctm =    645.35     nrn =    57741587558
 dump   45 on file runtpf     nps =    84385382  coll =     3795511830
                              ctm =    660.35     nrn =    59084354469
 dump   46 on file runtpf     nps =    86307869  coll =     3881881322
                              ctm =    675.36     nrn =    60428760716
 dump   47 on file runtpf     nps =    88228227  coll =     3968256442
                              ctm =    690.37     nrn =    61773395057
 dump   48 on file runtpf     nps =    90146064  coll =     4054610666
                              ctm =    705.38     nrn =    63117791186
 dump   49 on file runtpf     nps =    92066791  coll =     4141072619
                              ctm =    720.39     nrn =    64463839790
 dump   50 on file runtpf     nps =    93985921  coll =     4227425137
                              ctm =    735.39     nrn =    65808100150
 dump   51 on file runtpf     nps =    95907181  coll =     4313868668
                              ctm =    750.40     nrn =    67153701857
 dump   52 on file runtpf     nps =    97785075  coll =     4398283545
                              ctm =    765.41     nrn =    68467736243
 dump   53 on file runtpf     nps =    99704882  coll =     4484643189
                              ctm =    780.41     nrn =    69811994280
 run terminated when 100000000 particle histories were done.
 warning.     1 of   1 tallies had bins with large relative errors.
 dump   54 on file runtpf     nps =   100000000  coll =     4497971858
                              ctm =    782.72     nrn =    70019541175
 mcrun  is done
