 mcnpx    ver=2.5e  ld=Mon Feb 23 08:00:00 MST 2004   04/28/15 13:40:44

 *****************************************************
 *                                                   *
 *            Copyright Notice for MCNPX             *
 *                                                   *
 * This program was prepared by the Regents of the   *
 * University of California at Los Alamos National   *
 * Laboratory (the University) under contract number *
 * W-7405-ENG-36 with the U.S. Department of Energy  *
 * (DOE).  The University has certain rights in the  *
 * program pursuant to the contract and the program  *
 * should not be copied or distributed outside your  *
 * organization.   All rights in the program are     *
 * reserved by the DOE and the University.  Neither  *
 * the U.S. Government nor the University makes any  *
 * warranty, express or implied, or assumes any      *
 * liability or responsibility for the use of this   *
 * software.                                         *
 *                                                   *
 *****************************************************
 
 warning.   321 surfaces were deleted for being the same as others.
 imcn   is done
 runtpe already exists.  runtpf is created instead.
 runtpf already exists.  runtpg is created instead.
 dump    1 on file runtpg     nps =           0  coll =              0
                              ctm =      0.00     nrn =              0
 xact   is done
 dynamic storage =         0 words,          0 bytes.      cp0 =  0.01
 dump    2 on file runtpg     nps =     1972584  coll =       90299209
                              ctm =     15.00     nrn =     1400080499
 dump    3 on file runtpg     nps =     3956388  coll =      180891617
                              ctm =     30.02     nrn =     2804589269
 dump    4 on file runtpg     nps =     5937383  coll =      271594847
                              ctm =     45.03     nrn =     4211090296
 dump    5 on file runtpg     nps =     7919582  coll =      362179568
                              ctm =     60.04     nrn =     5615575230
 dump    6 on file runtpg     nps =     9901642  coll =      452814870
                              ctm =     75.05     nrn =     7020809346
 dump    7 on file runtpg     nps =    11884118  coll =      543532167
                              ctm =     90.06     nrn =     8427458595
 dump    8 on file runtpg     nps =    13861722  coll =      634059992
                              ctm =    105.06     nrn =     9831091689
 dump    9 on file runtpg     nps =    15843780  coll =      724717142
                              ctm =    120.07     nrn =    11236638604
 dump   10 on file runtpg     nps =    17828009  coll =      815387019
                              ctm =    135.07     nrn =    12642426075
 dump   11 on file runtpg     nps =    19805641  coll =      905884004
                              ctm =    150.09     nrn =    14045591480
 dump   12 on file runtpg     nps =    21781753  coll =      996259856
                              ctm =    165.09     nrn =    15446735176
 dump   13 on file runtpg     nps =    23761078  coll =     1086903749
                              ctm =    180.10     nrn =    16852116697
 dump   14 on file runtpg     nps =    25740940  coll =     1177540773
                              ctm =    195.11     nrn =    18257518304
 dump   15 on file runtpg     nps =    27725699  coll =     1268362239
                              ctm =    210.12     nrn =    19665722301
 dump   16 on file runtpg     nps =    29705530  coll =     1358941144
                              ctm =    225.12     nrn =    21070356513
 dump   17 on file runtpg     nps =    31683162  coll =     1449466688
                              ctm =    240.12     nrn =    22473953919
 dump   18 on file runtpg     nps =    33665192  coll =     1540150611
                              ctm =    255.14     nrn =    23880079478
 dump   19 on file runtpg     nps =    35645023  coll =     1630753381
                              ctm =    270.14     nrn =    25284912711
 dump   20 on file runtpg     nps =    37627053  coll =     1721498073
                              ctm =    285.14     nrn =    26692067834
 dump   21 on file runtpg     nps =    39609083  coll =     1812155736
                              ctm =    300.15     nrn =    28097618196
 dump   22 on file runtpg     nps =    41591113  coll =     1902750781
                              ctm =    315.15     nrn =    29502167193
 dump   23 on file runtpg     nps =    43572412  coll =     1993422231
                              ctm =    330.16     nrn =    30907921921
 dump   24 on file runtpg     nps =    45557372  coll =     2084209494
                              ctm =    345.17     nrn =    32315497605
 dump   25 on file runtpg     nps =    47540870  coll =     2175047776
                              ctm =    360.18     nrn =    33724058951
 dump   26 on file runtpg     nps =    49523631  coll =     2265757038
                              ctm =    375.19     nrn =    35130509508
 dump   27 on file runtpg     nps =    51504930  coll =     2356450198
                              ctm =    390.20     nrn =    36536776018
 dump   28 on file runtpg     nps =    53487800  coll =     2447043269
                              ctm =    405.20     nrn =    37941343049
 dump   29 on file runtpg     nps =    55472200  coll =     2537876265
                              ctm =    420.21     nrn =    39349821595
 dump   30 on file runtpg     nps =    57456200  coll =     2628720179
                              ctm =    435.22     nrn =    40758480520
 dump   31 on file runtpg     nps =    59438400  coll =     2719422950
                              ctm =    450.22     nrn =    42164931718
 dump   32 on file runtpg     nps =    61420600  coll =     2810096397
                              ctm =    465.22     nrn =    43570793974
 dump   33 on file runtpg     nps =    63404600  coll =     2900912317
                              ctm =    480.24     nrn =    44978996676
 dump   34 on file runtpg     nps =    65389000  coll =     2991672706
                              ctm =    495.25     nrn =    46386220287
 dump   35 on file runtpg     nps =    67373000  coll =     3082404829
                              ctm =    510.26     nrn =    47792878311
 dump   36 on file runtpg     nps =    69355200  coll =     3173170147
                              ctm =    525.27     nrn =    49200301507
 dump   37 on file runtpg     nps =    71337000  coll =     3263764621
                              ctm =    540.27     nrn =    50604897958
 dump   38 on file runtpg     nps =    73321400  coll =     3354538311
                              ctm =    555.28     nrn =    52012571127
 dump   39 on file runtpg     nps =    75303200  coll =     3445209147
                              ctm =    570.29     nrn =    53418331382
 dump   40 on file runtpg     nps =    77287600  coll =     3535994324
                              ctm =    585.30     nrn =    54825942042
 dump   41 on file runtpg     nps =    79269400  coll =     3626668729
                              ctm =    600.31     nrn =    56231768259
 dump   42 on file runtpg     nps =    81251600  coll =     3717303428
                              ctm =    615.31     nrn =    57636996853
 dump   43 on file runtpg     nps =    83235600  coll =     3808052892
                              ctm =    630.32     nrn =    59044068472
 dump   44 on file runtpg     nps =    85220000  coll =     3898766586
                              ctm =    645.33     nrn =    60450525554
 dump   45 on file runtpg     nps =    87173600  coll =     3987992773
                              ctm =    660.34     nrn =    61833873619
 dump   46 on file runtpg     nps =    89155800  coll =     4078777341
                              ctm =    675.35     nrn =    63241618336
 dump   47 on file runtpg     nps =    91137200  coll =     4169514105
                              ctm =    690.35     nrn =    64648671023
 dump   48 on file runtpg     nps =    93121600  coll =     4260342802
                              ctm =    705.37     nrn =    66056998659
 dump   49 on file runtpg     nps =    95103800  coll =     4351038117
                              ctm =    720.39     nrn =    67463117278
 dump   50 on file runtpg     nps =    97088200  coll =     4441828187
                              ctm =    735.40     nrn =    68870763158
 dump   51 on file runtpg     nps =    99063000  coll =     4532178454
                              ctm =    750.40     nrn =    70271602443
 run terminated when 100000000 particle histories were done.
 warning.     1 of   1 tallies had bins with large relative errors.
 dump   52 on file runtpg     nps =   100000000  coll =     4575086683
                              ctm =    757.60     nrn =    70936909491
 mcrun  is done
