 mcnpx    ver=2.5e  ld=Mon Feb 23 08:00:00 MST 2004   04/28/15 13:41:44

 *****************************************************
 *                                                   *
 *            Copyright Notice for MCNPX             *
 *                                                   *
 * This program was prepared by the Regents of the   *
 * University of California at Los Alamos National   *
 * Laboratory (the University) under contract number *
 * W-7405-ENG-36 with the U.S. Department of Energy  *
 * (DOE).  The University has certain rights in the  *
 * program pursuant to the contract and the program  *
 * should not be copied or distributed outside your  *
 * organization.   All rights in the program are     *
 * reserved by the DOE and the University.  Neither  *
 * the U.S. Government nor the University makes any  *
 * warranty, express or implied, or assumes any      *
 * liability or responsibility for the use of this   *
 * software.                                         *
 *                                                   *
 *****************************************************
 
 warning.   322 surfaces were deleted for being the same as others.
 imcn   is done
 runtpe already exists.  runtpf is created instead.
 runtpf already exists.  runtpg is created instead.
 runtpg already exists.  runtph is created instead.
 dump    1 on file runtph     nps =           0  coll =              0
                              ctm =      0.00     nrn =              0
 xact   is done
 dynamic storage =         0 words,          0 bytes.      cp0 =  0.01
 dump    2 on file runtph     nps =     1997595  coll =       92024352
                              ctm =     15.01     nrn =     1424698464
 dump    3 on file runtph     nps =     3997548  coll =      183975286
                              ctm =     30.02     nrn =     2848206429
 dump    4 on file runtph     nps =     5993534  coll =      275964841
                              ctm =     45.03     nrn =     4272552765
 dump    5 on file runtph     nps =     7992826  coll =      367920995
                              ctm =     60.03     nrn =     5696231880
 dump    6 on file runtph     nps =     9989780  coll =      459841830
                              ctm =     75.03     nrn =     7119297871
 dump    7 on file runtph     nps =    11989613  coll =      551918249
                              ctm =     90.04     nrn =     8544851488
 dump    8 on file runtph     nps =    13986576  coll =      643940071
                              ctm =    105.05     nrn =     9969631831
 dump    9 on file runtph     nps =    15990204  coll =      736139603
                              ctm =    120.05     nrn =    11396923940
 dump   10 on file runtph     nps =    17996300  coll =      828463441
                              ctm =    135.06     nrn =    12826364087
 dump   11 on file runtph     nps =    19995460  coll =      920537982
                              ctm =    150.06     nrn =    14251832541
 dump   12 on file runtph     nps =    21996260  coll =     1012633595
                              ctm =    165.08     nrn =    15677569975
 dump   13 on file runtph     nps =    23997640  coll =     1104889003
                              ctm =    180.09     nrn =    17105847107
 dump   14 on file runtph     nps =    26001524  coll =     1197174283
                              ctm =    195.10     nrn =    18534619022
 dump   15 on file runtph     nps =    28007683  coll =     1289536045
                              ctm =    210.12     nrn =    19964563542
 dump   16 on file runtph     nps =    30011263  coll =     1381830482
                              ctm =    225.13     nrn =    21393764351
 dump   17 on file runtph     nps =    32012622  coll =     1473994827
                              ctm =    240.15     nrn =    22820592544
 dump   18 on file runtph     nps =    34016217  coll =     1566242291
                              ctm =    255.15     nrn =    24248889601
 dump   19 on file runtph     nps =    36020324  coll =     1658553682
                              ctm =    270.16     nrn =    25678058267
 dump   20 on file runtph     nps =    38026106  coll =     1750981926
                              ctm =    285.17     nrn =    27109201118
 dump   21 on file runtph     nps =    40031888  coll =     1843277742
                              ctm =    300.18     nrn =    28538013923
 dump   22 on file runtph     nps =    42037670  coll =     1935598381
                              ctm =    315.19     nrn =    29967231555
 dump   23 on file runtph     nps =    44042321  coll =     2027927186
                              ctm =    330.19     nrn =    31396703592
 dump   24 on file runtph     nps =    46047458  coll =     2120211215
                              ctm =    345.20     nrn =    32825326905
 dump   25 on file runtph     nps =    48052604  coll =     2212594368
                              ctm =    360.21     nrn =    34255637626
 dump   26 on file runtph     nps =    50058984  coll =     2305062106
                              ctm =    375.22     nrn =    35687356849
 dump   27 on file runtph     nps =    52066353  coll =     2397496194
                              ctm =    390.23     nrn =    37118542076
 dump   28 on file runtph     nps =    54070510  coll =     2489715281
                              ctm =    405.23     nrn =    38546186680
 dump   29 on file runtph     nps =    56075656  coll =     2582165187
                              ctm =    420.24     nrn =    39977822334
 dump   30 on file runtph     nps =    58082368  coll =     2674638781
                              ctm =    435.25     nrn =    41409618070
 dump   31 on file runtph     nps =    60088416  coll =     2766950939
                              ctm =    450.27     nrn =    42838813677
 dump   32 on file runtph     nps =    62091632  coll =     2859268785
                              ctm =    465.27     nrn =    44268128646
 dump   33 on file runtph     nps =    64097680  coll =     2951615417
                              ctm =    480.28     nrn =    45697916596
 dump   34 on file runtph     nps =    66103120  coll =     3043923838
                              ctm =    495.28     nrn =    47126980025
 dump   35 on file runtph     nps =    68106944  coll =     3136267071
                              ctm =    510.28     nrn =    48556691992
 dump   36 on file runtph     nps =    70112384  coll =     3228590209
                              ctm =    525.29     nrn =    49986092298
 dump   37 on file runtph     nps =    72118432  coll =     3320887252
                              ctm =    540.29     nrn =    51415093068
 dump   38 on file runtph     nps =    74126096  coll =     3413392606
                              ctm =    555.30     nrn =    52847425305
 dump   39 on file runtph     nps =    76129920  coll =     3505666157
                              ctm =    570.31     nrn =    54275964133
 dump   40 on file runtph     nps =    78135360  coll =     3597986709
                              ctm =    585.32     nrn =    55705122463
 dump   41 on file runtph     nps =    80141408  coll =     3690317748
                              ctm =    600.32     nrn =    57134521173
 dump   42 on file runtph     nps =    82146950  coll =     3782614582
                              ctm =    615.33     nrn =    58563436215
 dump   43 on file runtph     nps =    84153900  coll =     3874988088
                              ctm =    630.33     nrn =    59993617568
 dump   44 on file runtph     nps =    86160850  coll =     3967297819
                              ctm =    645.33     nrn =    61422596851
 dump   45 on file runtph     nps =    88140309  coll =     4058422183
                              ctm =    660.34     nrn =    62833472150
 dump   46 on file runtph     nps =    90145360  coll =     4150858221
                              ctm =    675.36     nrn =    64264744553
 dump   47 on file runtph     nps =    92151408  coll =     4243318331
                              ctm =    690.36     nrn =    65696409884
 dump   48 on file runtph     nps =    94155232  coll =     4335618185
                              ctm =    705.37     nrn =    67125350418
 dump   49 on file runtph     nps =    96161280  coll =     4428032443
                              ctm =    720.37     nrn =    68556148863
 dump   50 on file runtph     nps =    98167328  coll =     4520352956
                              ctm =    735.37     nrn =    69985316538
 run terminated when 100000000 particle histories were done.
 warning.     1 of   1 tallies had bins with large relative errors.
 dump   51 on file runtph     nps =   100000000  coll =     4604825492
                              ctm =    749.07     nrn =    71293146716
 mcrun  is done
