 mcnpx    ver=2.5e  ld=Mon Feb 23 08:00:00 MST 2004   04/29/15 01:02:25

 *****************************************************
 *                                                   *
 *            Copyright Notice for MCNPX             *
 *                                                   *
 * This program was prepared by the Regents of the   *
 * University of California at Los Alamos National   *
 * Laboratory (the University) under contract number *
 * W-7405-ENG-36 with the U.S. Department of Energy  *
 * (DOE).  The University has certain rights in the  *
 * program pursuant to the contract and the program  *
 * should not be copied or distributed outside your  *
 * organization.   All rights in the program are     *
 * reserved by the DOE and the University.  Neither  *
 * the U.S. Government nor the University makes any  *
 * warranty, express or implied, or assumes any      *
 * liability or responsibility for the use of this   *
 * software.                                         *
 *                                                   *
 *****************************************************
 
 warning.   322 surfaces were deleted for being the same as others.
 imcn   is done
 runtpe already exists.  runtpf is created instead.
 runtpf already exists.  runtpg is created instead.
 runtpg already exists.  runtph is created instead.
 runtph already exists.  runtpi is created instead.
 dump    1 on file runtpi     nps =           0  coll =              0
                              ctm =      0.00     nrn =              0
 xact   is done
 dynamic storage =         0 words,          0 bytes.      cp0 =  0.01
 dump    2 on file runtpi     nps =     1993029  coll =       92044508
                              ctm =     15.00     nrn =     1424114000
 dump    3 on file runtpi     nps =     3990620  coll =      184128105
                              ctm =     30.02     nrn =     2848798819
 dump    4 on file runtpi     nps =     5986400  coll =      276348223
                              ctm =     45.03     nrn =     4275843353
 dump    5 on file runtpi     nps =     7983552  coll =      368442312
                              ctm =     60.04     nrn =     5700783310
 dump    6 on file runtpi     nps =     9978301  coll =      460492638
                              ctm =     75.05     nrn =     7124987209
 dump    7 on file runtpi     nps =    11975288  coll =      552684294
                              ctm =     90.06     nrn =     8551465886
 dump    8 on file runtpi     nps =    13931042  coll =      643021531
                              ctm =    105.08     nrn =     9949286546
 dump    9 on file runtpi     nps =    15902874  coll =      734012809
                              ctm =    120.08     nrn =    11357017070
 dump   10 on file runtpi     nps =    17880315  coll =      825245483
                              ctm =    135.08     nrn =    12768642146
 dump   11 on file runtpi     nps =    19877537  coll =      917449552
                              ctm =    150.09     nrn =    14195268087
 dump   12 on file runtpi     nps =    21875095  coll =     1009642599
                              ctm =    165.10     nrn =    15621596396
 dump   13 on file runtpi     nps =    23872773  coll =     1101989133
                              ctm =    180.11     nrn =    17050455791
 dump   14 on file runtpi     nps =    25870474  coll =     1194227075
                              ctm =    195.12     nrn =    18477611626
 dump   15 on file runtpi     nps =    27868227  coll =     1286474460
                              ctm =    210.13     nrn =    19904957372
 dump   16 on file runtpi     nps =    29867610  coll =     1378781394
                              ctm =    225.15     nrn =    21333396628
 dump   17 on file runtpi     nps =    31865298  coll =     1471051555
                              ctm =    240.15     nrn =    22761062879
 dump   18 on file runtpi     nps =    33862445  coll =     1563243228
                              ctm =    255.16     nrn =    24187610567
 dump   19 on file runtpi     nps =    35857666  coll =     1655421588
                              ctm =    270.16     nrn =    25613929033
 dump   20 on file runtpi     nps =    37854976  coll =     1747674063
                              ctm =    285.17     nrn =    27041417812
 dump   21 on file runtpi     nps =    39852100  coll =     1839799271
                              ctm =    300.17     nrn =    28466678305
 dump   22 on file runtpi     nps =    41849224  coll =     1931949225
                              ctm =    315.18     nrn =    29892439069
 dump   23 on file runtpi     nps =    43844892  coll =     2024120164
                              ctm =    330.19     nrn =    31318528643
 dump   24 on file runtpi     nps =    45841615  coll =     2116245811
                              ctm =    345.20     nrn =    32743843178
 dump   25 on file runtpi     nps =    47837741  coll =     2208472738
                              ctm =    360.21     nrn =    34170897684
 dump   26 on file runtpi     nps =    49833604  coll =     2300680618
                              ctm =    375.21     nrn =    35597700120
 dump   27 on file runtpi     nps =    51829730  coll =     2392844791
                              ctm =    390.22     nrn =    37023829989
 dump   28 on file runtpi     nps =    53827806  coll =     2485016132
                              ctm =    405.23     nrn =    38449828938
 dump   29 on file runtpi     nps =    55823932  coll =     2577250315
                              ctm =    420.24     nrn =    39877169769
 dump   30 on file runtpi     nps =    57820010  coll =     2669477167
                              ctm =    435.24     nrn =    41304300861
 dump   31 on file runtpi     nps =    59817038  coll =     2761656380
                              ctm =    450.25     nrn =    42730561776
 dump   32 on file runtpi     nps =    61814166  coll =     2853895046
                              ctm =    465.26     nrn =    44157774999
 dump   33 on file runtpi     nps =    63811194  coll =     2946111178
                              ctm =    480.28     nrn =    45584734609
 dump   34 on file runtpi     nps =    65808322  coll =     3038297804
                              ctm =    495.29     nrn =    47011096120
 dump   35 on file runtpi     nps =    67800922  coll =     3130273902
                              ctm =    510.29     nrn =    48434099876
 dump   36 on file runtpi     nps =    69784766  coll =     3221934423
                              ctm =    525.30     nrn =    49852443468
 dump   37 on file runtpi     nps =    71775148  coll =     3313746170
                              ctm =    540.31     nrn =    51273016288
 dump   38 on file runtpi     nps =    73761195  coll =     3405492169
                              ctm =    555.31     nrn =    52692752113
 dump   39 on file runtpi     nps =    75757321  coll =     3497649268
                              ctm =    570.33     nrn =    54118644720
 dump   40 on file runtpi     nps =    77753447  coll =     3589784322
                              ctm =    585.34     nrn =    55544103066
 dump   41 on file runtpi     nps =    79749310  coll =     3681879108
                              ctm =    600.34     nrn =    56968960546
 dump   42 on file runtpi     nps =    81746212  coll =     3774014932
                              ctm =    615.36     nrn =    58394526206
 dump   43 on file runtpi     nps =    83742122  coll =     3866131800
                              ctm =    630.36     nrn =    59819824090
 dump   44 on file runtpi     nps =    85739150  coll =     3958254661
                              ctm =    645.37     nrn =    61245133643
 dump   45 on file runtpi     nps =    87736178  coll =     4050372724
                              ctm =    660.38     nrn =    62670451320
 dump   46 on file runtpi     nps =    89730992  coll =     4142580926
                              ctm =    675.38     nrn =    64097351682
 dump   47 on file runtpi     nps =    91728220  coll =     4234813705
                              ctm =    690.40     nrn =    65524464728
 dump   48 on file runtpi     nps =    93725248  coll =     4327037451
                              ctm =    705.41     nrn =    66951402542
 dump   49 on file runtpi     nps =    95722276  coll =     4419311714
                              ctm =    720.42     nrn =    68379183723
 dump   50 on file runtpi     nps =    97719304  coll =     4511445881
                              ctm =    735.42     nrn =    69804608022
 dump   51 on file runtpi     nps =    99716532  coll =     4603660706
                              ctm =    750.42     nrn =    71231360395
 run terminated when 100000000 particle histories were done.
 warning.     1 of   1 tallies had bins with large relative errors.
 dump   52 on file runtpi     nps =   100000000  coll =     4616798990
                              ctm =    752.55     nrn =    71434692905
 mcrun  is done
