 mcnpx    ver=2.5e  ld=Mon Feb 23 08:00:00 MST 2004   04/29/15 02:45:31

 *****************************************************
 *                                                   *
 *            Copyright Notice for MCNPX             *
 *                                                   *
 * This program was prepared by the Regents of the   *
 * University of California at Los Alamos National   *
 * Laboratory (the University) under contract number *
 * W-7405-ENG-36 with the U.S. Department of Energy  *
 * (DOE).  The University has certain rights in the  *
 * program pursuant to the contract and the program  *
 * should not be copied or distributed outside your  *
 * organization.   All rights in the program are     *
 * reserved by the DOE and the University.  Neither  *
 * the U.S. Government nor the University makes any  *
 * warranty, express or implied, or assumes any      *
 * liability or responsibility for the use of this   *
 * software.                                         *
 *                                                   *
 *****************************************************
 
 warning.   321 surfaces were deleted for being the same as others.
 imcn   is done
 runtpe already exists.  runtpf is created instead.
 runtpf already exists.  runtpg is created instead.
 runtpg already exists.  runtph is created instead.
 runtph already exists.  runtpi is created instead.
 runtpi already exists.  runtpj is created instead.
 dump    1 on file runtpj     nps =           0  coll =              0
                              ctm =      0.00     nrn =              0
 xact   is done
 dynamic storage =         0 words,          0 bytes.      cp0 =  0.01
 dump    2 on file runtpj     nps =     1959151  coll =       90591963
                              ctm =     15.00     nrn =     1401247845
 dump    3 on file runtpj     nps =     3972366  coll =      183483400
                              ctm =     30.02     nrn =     2837985091
 dump    4 on file runtpj     nps =     5974663  coll =      276101842
                              ctm =     45.02     nrn =     4270750554
 dump    5 on file runtpj     nps =     7990474  coll =      369146263
                              ctm =     60.03     nrn =     5709980157
 dump    6 on file runtpj     nps =    10005690  coll =      462235968
                              ctm =     75.04     nrn =     7149859499
 dump    7 on file runtpj     nps =    12022354  coll =      555408819
                              ctm =     90.05     nrn =     8591071928
 dump    8 on file runtpj     nps =    14033190  coll =      648429222
                              ctm =    105.06     nrn =    10030079830
 dump    9 on file runtpj     nps =    16048143  coll =      741474687
                              ctm =    120.06     nrn =    11469147044
 dump   10 on file runtpj     nps =    18063032  coll =      834547025
                              ctm =    135.07     nrn =    12908868085
 dump   11 on file runtpj     nps =    20075662  coll =      927603858
                              ctm =    150.08     nrn =    14348242249
 dump   12 on file runtpj     nps =    22089341  coll =     1020596304
                              ctm =    165.09     nrn =    15786483566
 dump   13 on file runtpj     nps =    24102380  coll =     1113730042
                              ctm =    180.10     nrn =    17227079615
 dump   14 on file runtpj     nps =    26116930  coll =     1206847178
                              ctm =    195.11     nrn =    18667407214
 dump   15 on file runtpj     nps =    28129925  coll =     1299856261
                              ctm =    210.12     nrn =    20106087799
 dump   16 on file runtpj     nps =    30144460  coll =     1393004929
                              ctm =    225.12     nrn =    21547237202
 dump   17 on file runtpj     nps =    32159371  coll =     1486102010
                              ctm =    240.13     nrn =    22987224508
 dump   18 on file runtpj     nps =    34171928  coll =     1579121262
                              ctm =    255.13     nrn =    24426160605
 dump   19 on file runtpj     nps =    36184216  coll =     1672185836
                              ctm =    270.14     nrn =    25865740055
 dump   20 on file runtpj     nps =    38198736  coll =     1765319843
                              ctm =    285.15     nrn =    27306440719
 dump   21 on file runtpj     nps =    40211024  coll =     1858238816
                              ctm =    300.15     nrn =    28743583432
 dump   22 on file runtpj     nps =    42223312  coll =     1951246026
                              ctm =    315.16     nrn =    30182166734
 dump   23 on file runtpj     nps =    44236840  coll =     2044279203
                              ctm =    330.17     nrn =    31621230158
 dump   24 on file runtpj     nps =    46248422  coll =     2137228598
                              ctm =    345.17     nrn =    33058879134
 dump   25 on file runtpj     nps =    48262588  coll =     2230320892
                              ctm =    360.18     nrn =    34498802855
 dump   26 on file runtpj     nps =    50275199  coll =     2323380749
                              ctm =    375.19     nrn =    35938373985
 dump   27 on file runtpj     nps =    52287132  coll =     2416408255
                              ctm =    390.19     nrn =    37377501546
 dump   28 on file runtpj     nps =    54299743  coll =     2509336150
                              ctm =    405.20     nrn =    38814742158
 dump   29 on file runtpj     nps =    56300511  coll =     2601921247
                              ctm =    420.20     nrn =    40247230541
 dump   30 on file runtpj     nps =    58305992  coll =     2694648979
                              ctm =    435.20     nrn =    41681622266
 dump   31 on file runtpj     nps =    60305864  coll =     2787041066
                              ctm =    450.21     nrn =    43110718846
 dump   32 on file runtpj     nps =    62317176  coll =     2880084183
                              ctm =    465.21     nrn =    44549977557
 dump   33 on file runtpj     nps =    64330440  coll =     2973050346
                              ctm =    480.22     nrn =    45988008672
 dump   34 on file runtpj     nps =    66346216  coll =     3066177051
                              ctm =    495.23     nrn =    47428440132
 dump   35 on file runtpj     nps =    68359480  coll =     3159315810
                              ctm =    510.24     nrn =    48869207018
 dump   36 on file runtpj     nps =    70373356  coll =     3252360333
                              ctm =    525.24     nrn =    50308549591
 dump   37 on file runtpj     nps =    72387522  coll =     3345423820
                              ctm =    540.24     nrn =    51748099789
 dump   38 on file runtpj     nps =    74402366  coll =     3438512758
                              ctm =    555.25     nrn =    53187992872
 dump   39 on file runtpj     nps =    76414299  coll =     3531525035
                              ctm =    570.25     nrn =    54626751530
 dump   40 on file runtpj     nps =    78429143  coll =     3624603503
                              ctm =    585.26     nrn =    56066324965
 dump   41 on file runtpj     nps =    80443309  coll =     3717666187
                              ctm =    600.27     nrn =    57505833534
 dump   42 on file runtpj     nps =    82458153  coll =     3810722448
                              ctm =    615.28     nrn =    58945117447
 dump   43 on file runtpj     nps =    84472319  coll =     3903744165
                              ctm =    630.29     nrn =    60384032566
 dump   44 on file runtpj     nps =    86488718  coll =     3996807153
                              ctm =    645.31     nrn =    61823417932
 dump   45 on file runtpj     nps =    88491719  coll =     4089398603
                              ctm =    660.32     nrn =    63255737959
 dump   46 on file runtpj     nps =    90505008  coll =     4182547914
                              ctm =    675.33     nrn =    64696790714
 dump   47 on file runtpj     nps =    92519174  coll =     4275641536
                              ctm =    690.34     nrn =    66136846681
 dump   48 on file runtpj     nps =    94531107  coll =     4368645530
                              ctm =    705.36     nrn =    67575372554
 dump   49 on file runtpj     nps =    96545273  coll =     4461772866
                              ctm =    720.36     nrn =    69015953274
 dump   50 on file runtpj     nps =    98560795  coll =     4554874367
                              ctm =    735.37     nrn =    70455956773
 run terminated when 100000000 particle histories were done.
 warning.     1 of   1 tallies had bins with large relative errors.
 dump   51 on file runtpj     nps =   100000000  coll =     4621439602
                              ctm =    746.08     nrn =    71485563116
 mcrun  is done
