 mcnpx    ver=2.5e  ld=Mon Feb 23 08:00:00 MST 2004   04/29/15 02:53:32

 *****************************************************
 *                                                   *
 *            Copyright Notice for MCNPX             *
 *                                                   *
 * This program was prepared by the Regents of the   *
 * University of California at Los Alamos National   *
 * Laboratory (the University) under contract number *
 * W-7405-ENG-36 with the U.S. Department of Energy  *
 * (DOE).  The University has certain rights in the  *
 * program pursuant to the contract and the program  *
 * should not be copied or distributed outside your  *
 * organization.   All rights in the program are     *
 * reserved by the DOE and the University.  Neither  *
 * the U.S. Government nor the University makes any  *
 * warranty, express or implied, or assumes any      *
 * liability or responsibility for the use of this   *
 * software.                                         *
 *                                                   *
 *****************************************************
 
 warning.   321 surfaces were deleted for being the same as others.
 imcn   is done
 runtpe already exists.  runtpf is created instead.
 runtpf already exists.  runtpg is created instead.
 runtpg already exists.  runtph is created instead.
 runtph already exists.  runtpi is created instead.
 runtpi already exists.  runtpj is created instead.
 runtpj already exists.  runtpk is created instead.
 dump    1 on file runtpk     nps =           0  coll =              0
                              ctm =      0.00     nrn =              0
 xact   is done
 dynamic storage =         0 words,          0 bytes.      cp0 =  0.01
 dump    2 on file runtpk     nps =     2009274  coll =       92935535
                              ctm =     15.00     nrn =     1437246814
 dump    3 on file runtpk     nps =     4004477  coll =      185028539
                              ctm =     30.02     nrn =     2861421962
 dump    4 on file runtpk     nps =     6014839  coll =      278034409
                              ctm =     45.03     nrn =     4299949898
 dump    5 on file runtpk     nps =     8029833  coll =      371073016
                              ctm =     60.04     nrn =     5738845102
 dump    6 on file runtpk     nps =    10042430  coll =      464085514
                              ctm =     75.05     nrn =     7177316984
 dump    7 on file runtpk     nps =    12055946  coll =      557141037
                              ctm =     90.05     nrn =     8616477898
 dump    8 on file runtpk     nps =    14066078  coll =      650154158
                              ctm =    105.05     nrn =    10055142527
 dump    9 on file runtpk     nps =    16080936  coll =      743220974
                              ctm =    120.06     nrn =    11494295440
 dump   10 on file runtpk     nps =    18093224  coll =      836198257
                              ctm =    135.06     nrn =    12932303326
 dump   11 on file runtpk     nps =    20103280  coll =      929163662
                              ctm =    150.08     nrn =    14370012140
 dump   12 on file runtpk     nps =    22113824  coll =     1022034450
                              ctm =    165.09     nrn =    15806140392
 dump   13 on file runtpk     nps =    24123880  coll =     1115079752
                              ctm =    180.10     nrn =    17245191843
 dump   14 on file runtpk     nps =    26136168  coll =     1208124834
                              ctm =    195.11     nrn =    18684166893
 dump   15 on file runtpk     nps =    28148456  coll =     1301121268
                              ctm =    210.12     nrn =    20122398162
 dump   16 on file runtpk     nps =    30160744  coll =     1394194635
                              ctm =    225.13     nrn =    21562125336
 dump   17 on file runtpk     nps =    32173032  coll =     1487202848
                              ctm =    240.14     nrn =    23000522208
 dump   18 on file runtpk     nps =    34183088  coll =     1580135031
                              ctm =    255.15     nrn =    24437890335
 dump   19 on file runtpk     nps =    36190912  coll =     1673011704
                              ctm =    270.15     nrn =    25874318751
 dump   20 on file runtpk     nps =    38203200  coll =     1766072403
                              ctm =    285.16     nrn =    27313653765
 dump   21 on file runtpk     nps =    40213256  coll =     1858921474
                              ctm =    300.17     nrn =    28749496119
 dump   22 on file runtpk     nps =    42223312  coll =     1951850912
                              ctm =    315.19     nrn =    30186628475
 dump   23 on file runtpk     nps =    44234344  coll =     2044789522
                              ctm =    330.19     nrn =    31623984453
 dump   24 on file runtpk     nps =    46243424  coll =     2137653171
                              ctm =    345.19     nrn =    33060077313
 dump   25 on file runtpk     nps =    48256688  coll =     2230735702
                              ctm =    360.20     nrn =    34499625809
 dump   26 on file runtpk     nps =    50270232  coll =     2323866244
                              ctm =    375.22     nrn =    35940049313
 dump   27 on file runtpk     nps =    52281264  coll =     2416891973
                              ctm =    390.22     nrn =    37378946244
 dump   28 on file runtpk     nps =    54283648  coll =     2509381345
                              ctm =    405.24     nrn =    38809185587
 dump   29 on file runtpk     nps =    56287984  coll =     2602155780
                              ctm =    420.25     nrn =    40244363229
 dump   30 on file runtpk     nps =    58292600  coll =     2694887194
                              ctm =    435.26     nrn =    41678594889
 dump   31 on file runtpk     nps =    60296195  coll =     2787475478
                              ctm =    450.26     nrn =    43110491178
 dump   32 on file runtpk     nps =    62305628  coll =     2880460448
                              ctm =    465.26     nrn =    44548591864
 dump   33 on file runtpk     nps =    64317990  coll =     2973424892
                              ctm =    480.27     nrn =    45986377102
 dump   34 on file runtpk     nps =    66330498  coll =     3066423832
                              ctm =    495.29     nrn =    47424577832
 dump   35 on file runtpk     nps =    68339298  coll =     3159382504
                              ctm =    510.30     nrn =    48862314267
 dump   36 on file runtpk     nps =    70350704  coll =     3252344330
                              ctm =    525.31     nrn =    50300165943
 dump   37 on file runtpk     nps =    72361736  coll =     3345297641
                              ctm =    540.32     nrn =    51737782429
 dump   38 on file runtpk     nps =    74375280  coll =     3438362875
                              ctm =    555.33     nrn =    53177086643
 dump   39 on file runtpk     nps =    76384080  coll =     3531257704
                              ctm =    570.34     nrn =    54613801749
 dump   40 on file runtpk     nps =    78395392  coll =     3624194553
                              ctm =    585.34     nrn =    56050964415
 dump   41 on file runtpk     nps =    80406424  coll =     3717122212
                              ctm =    600.35     nrn =    57488118521
 dump   42 on file runtpk     nps =    82417736  coll =     3810054415
                              ctm =    615.36     nrn =    58925258294
 dump   43 on file runtpk     nps =    84428768  coll =     3902959570
                              ctm =    630.36     nrn =    60362135519
 dump   44 on file runtpk     nps =    86410597  coll =     3994459536
                              ctm =    645.37     nrn =    61777107546
 dump   45 on file runtpk     nps =    88420728  coll =     4087391679
                              ctm =    660.38     nrn =    63214461294
 dump   46 on file runtpk     nps =    90428802  coll =     4180332382
                              ctm =    675.38     nrn =    64652056802
 dump   47 on file runtpk     nps =    92438933  coll =     4273294335
                              ctm =    690.38     nrn =    66089864359
 dump   48 on file runtpk     nps =    94449064  coll =     4366231723
                              ctm =    705.40     nrn =    67527126882
 dump   49 on file runtpk     nps =    96463657  coll =     4459386509
                              ctm =    720.41     nrn =    68967874406
 dump   50 on file runtpk     nps =    98475787  coll =     4552371029
                              ctm =    735.42     nrn =    70405855103
 run terminated when 100000000 particle histories were done.
 warning.     1 of   1 tallies had bins with large relative errors.
 dump   51 on file runtpk     nps =   100000000  coll =     4622886382
                              ctm =    747.17     nrn =    71496375876
 mcrun  is done
