 mcnpx    ver=2.5e  ld=Mon Feb 23 08:00:00 MST 2004   04/29/15 15:16:16

 *****************************************************
 *                                                   *
 *            Copyright Notice for MCNPX             *
 *                                                   *
 * This program was prepared by the Regents of the   *
 * University of California at Los Alamos National   *
 * Laboratory (the University) under contract number *
 * W-7405-ENG-36 with the U.S. Department of Energy  *
 * (DOE).  The University has certain rights in the  *
 * program pursuant to the contract and the program  *
 * should not be copied or distributed outside your  *
 * organization.   All rights in the program are     *
 * reserved by the DOE and the University.  Neither  *
 * the U.S. Government nor the University makes any  *
 * warranty, express or implied, or assumes any      *
 * liability or responsibility for the use of this   *
 * software.                                         *
 *                                                   *
 *****************************************************
 
 warning.   322 surfaces were deleted for being the same as others.
 imcn   is done
 runtpe already exists.  runtpf is created instead.
 runtpf already exists.  runtpg is created instead.
 runtpg already exists.  runtph is created instead.
 runtph already exists.  runtpi is created instead.
 runtpi already exists.  runtpj is created instead.
 runtpj already exists.  runtpk is created instead.
 runtpk already exists.  runtpl is created instead.
 runtpl already exists.  runtpm is created instead.
 runtpm already exists.  runtpn is created instead.
 dump    1 on file runtpn     nps =           0  coll =              0
                              ctm =      0.00     nrn =              0
 xact   is done
 dynamic storage =         0 words,          0 bytes.      cp0 =  0.01
 dump    2 on file runtpn     nps =     1787017  coll =       75358656
                              ctm =     15.00     nrn =     1185174264
 dump    3 on file runtpn     nps =     3591976  coll =      151326813
                              ctm =     30.01     nrn =     2379872150
 dump    4 on file runtpn     nps =     5401859  coll =      227654871
                              ctm =     45.02     nrn =     3580398381
 dump    5 on file runtpn     nps =     7212044  coll =      303844994
                              ctm =     60.03     nrn =     4778666010
 dump    6 on file runtpn     nps =     9022636  coll =      380145394
                              ctm =     75.03     nrn =     5978591148
 dump    7 on file runtpn     nps =    10831253  coll =      456444021
                              ctm =     90.03     nrn =     7178524830
 dump    8 on file runtpn     nps =    12640880  coll =      532738924
                              ctm =    105.03     nrn =     8378466245
 dump    9 on file runtpn     nps =    14450342  coll =      609032794
                              ctm =    120.04     nrn =     9578434957
 dump   10 on file runtpn     nps =    16260694  coll =      685225066
                              ctm =    135.04     nrn =    10776658087
 dump   11 on file runtpn     nps =    18072317  coll =      761529240
                              ctm =    150.05     nrn =    11976787051
 dump   12 on file runtpn     nps =    19881484  coll =      837788026
                              ctm =    165.07     nrn =    13176080635
 dump   13 on file runtpn     nps =    21690221  coll =      913975987
                              ctm =    180.07     nrn =    14374244979
 dump   14 on file runtpn     nps =    23501395  coll =      990331242
                              ctm =    195.09     nrn =    15574948865
 dump   15 on file runtpn     nps =    25310562  coll =     1066652140
                              ctm =    210.09     nrn =    16775326362
 dump   16 on file runtpn     nps =    27119801  coll =     1142943926
                              ctm =    225.10     nrn =    17975270865
 dump   17 on file runtpn     nps =    28929024  coll =     1219157880
                              ctm =    240.10     nrn =    19174020285
 dump   18 on file runtpn     nps =    30738072  coll =     1295451410
                              ctm =    255.10     nrn =    20373972577
 dump   19 on file runtpn     nps =    32547280  coll =     1371786485
                              ctm =    270.12     nrn =    21574515876
 dump   20 on file runtpn     nps =    34347917  coll =     1447609930
                              ctm =    285.13     nrn =    22767040383
 dump   21 on file runtpn     nps =    36154669  coll =     1523837958
                              ctm =    300.13     nrn =    23965947824
 dump   22 on file runtpn     nps =    37963836  coll =     1600168979
                              ctm =    315.14     nrn =    25166510173
 dump   23 on file runtpn     nps =    39770996  coll =     1676256112
                              ctm =    330.14     nrn =    26363094906
 dump   24 on file runtpn     nps =    41578156  coll =     1752368620
                              ctm =    345.14     nrn =    27560099079
 dump   25 on file runtpn     nps =    43384456  coll =     1828584073
                              ctm =    360.14     nrn =    28758789932
 dump   26 on file runtpn     nps =    45192476  coll =     1904718595
                              ctm =    375.15     nrn =    29956023877
 dump   27 on file runtpn     nps =    47000783  coll =     1981020942
                              ctm =    390.15     nrn =    31156145290
 dump   28 on file runtpn     nps =    48809090  coll =     2057267449
                              ctm =    405.15     nrn =    32355325235
 dump   29 on file runtpn     nps =    50619117  coll =     2133558642
                              ctm =    420.17     nrn =    33555192519
 dump   30 on file runtpn     nps =    52427424  coll =     2209805104
                              ctm =    435.17     nrn =    34754461131
 dump   31 on file runtpn     nps =    54235444  coll =     2285926649
                              ctm =    450.17     nrn =    35951593532
 dump   32 on file runtpn     nps =    56046044  coll =     2362337251
                              ctm =    465.19     nrn =    37153580611
 dump   33 on file runtpn     nps =    57856040  coll =     2438660168
                              ctm =    480.20     nrn =    38353929834
 dump   34 on file runtpn     nps =    59667256  coll =     2514973226
                              ctm =    495.21     nrn =    39554099691
 dump   35 on file runtpn     nps =    61476144  coll =     2591264689
                              ctm =    510.22     nrn =    40754014991
 dump   36 on file runtpn     nps =    63285352  coll =     2667571368
                              ctm =    525.23     nrn =    41954171526
 dump   37 on file runtpn     nps =    65092552  coll =     2743746282
                              ctm =    540.24     nrn =    43152165145
 dump   38 on file runtpn     nps =    66901440  coll =     2820004051
                              ctm =    555.24     nrn =    44351352833
 dump   39 on file runtpn     nps =    68710648  coll =     2896373646
                              ctm =    570.26     nrn =    45552669081
 dump   40 on file runtpn     nps =    70519536  coll =     2972559570
                              ctm =    585.27     nrn =    46750914824
 dump   41 on file runtpn     nps =    72328744  coll =     3048813204
                              ctm =    600.27     nrn =    47950171284
 dump   42 on file runtpn     nps =    74139640  coll =     3125144887
                              ctm =    615.29     nrn =    49150744612
 dump   43 on file runtpn     nps =    75946840  coll =     3201287488
                              ctm =    630.29     nrn =    50348225915
 dump   44 on file runtpn     nps =    77754040  coll =     3277449691
                              ctm =    645.31     nrn =    51546089373
 dump   45 on file runtpn     nps =    79558912  coll =     3353482534
                              ctm =    660.33     nrn =    52741910498
 dump   46 on file runtpn     nps =    81366112  coll =     3429692186
                              ctm =    675.34     nrn =    53940500187
 dump   47 on file runtpn     nps =    83175000  coll =     3505982459
                              ctm =    690.35     nrn =    55140345898
 dump   48 on file runtpn     nps =    84984208  coll =     3582172627
                              ctm =    705.35     nrn =    56338611101
 dump   49 on file runtpn     nps =    86793416  coll =     3658329572
                              ctm =    720.36     nrn =    57536361362
 dump   50 on file runtpn     nps =    88600616  coll =     3734565002
                              ctm =    735.36     nrn =    58735405146
 dump   51 on file runtpn     nps =    90409184  coll =     3810906959
                              ctm =    750.37     nrn =    59936226000
 dump   52 on file runtpn     nps =    92205517  coll =     3886677838
                              ctm =    765.38     nrn =    61128010899
 dump   53 on file runtpn     nps =    93999775  coll =     3962246619
                              ctm =    780.39     nrn =    62316468573
 dump   54 on file runtpn     nps =    95808082  coll =     4038496377
                              ctm =    795.39     nrn =    63515628319
 dump   55 on file runtpn     nps =    97616389  coll =     4114711429
                              ctm =    810.40     nrn =    64714266878
 dump   56 on file runtpn     nps =    99425913  coll =     4191006533
                              ctm =    825.41     nrn =    65914105214
 run terminated when 100000000 particle histories were done.
 warning.  tally  14 tfc bin did not pass  1 of 10 statistical checks.
 warning.     1 of   1 tallies did not pass all 10 statistical checks.
 warning.     1 of   1 tallies had bins with large relative errors.
 dump   57 on file runtpn     nps =   100000000  coll =     4215260771
                              ctm =    830.17     nrn =    66295594841
 mcrun  is done
