 mcnpx    ver=2.5e  ld=Mon Feb 23 08:00:00 MST 2004   04/29/15 15:25:17

 *****************************************************
 *                                                   *
 *            Copyright Notice for MCNPX             *
 *                                                   *
 * This program was prepared by the Regents of the   *
 * University of California at Los Alamos National   *
 * Laboratory (the University) under contract number *
 * W-7405-ENG-36 with the U.S. Department of Energy  *
 * (DOE).  The University has certain rights in the  *
 * program pursuant to the contract and the program  *
 * should not be copied or distributed outside your  *
 * organization.   All rights in the program are     *
 * reserved by the DOE and the University.  Neither  *
 * the U.S. Government nor the University makes any  *
 * warranty, express or implied, or assumes any      *
 * liability or responsibility for the use of this   *
 * software.                                         *
 *                                                   *
 *****************************************************
 
 warning.   321 surfaces were deleted for being the same as others.
 imcn   is done
 runtpe already exists.  runtpf is created instead.
 runtpf already exists.  runtpg is created instead.
 runtpg already exists.  runtph is created instead.
 runtph already exists.  runtpi is created instead.
 runtpi already exists.  runtpj is created instead.
 runtpj already exists.  runtpk is created instead.
 runtpk already exists.  runtpl is created instead.
 runtpl already exists.  runtpm is created instead.
 runtpm already exists.  runtpn is created instead.
 runtpn already exists.  runtpo is created instead.
 dump    1 on file runtpo     nps =           0  coll =              0
                              ctm =      0.00     nrn =              0
 xact   is done
 dynamic storage =         0 words,          0 bytes.      cp0 =  0.01
 dump    2 on file runtpo     nps =     2023316  coll =       93550179
                              ctm =     15.01     nrn =     1446398276
 dump    3 on file runtpo     nps =     4023167  coll =      185852978
                              ctm =     30.01     nrn =     2873493427
 dump    4 on file runtpo     nps =     6045996  coll =      279403446
                              ctm =     45.01     nrn =     4320085118
 dump    5 on file runtpo     nps =     8072059  coll =      372935009
                              ctm =     60.03     nrn =     5766273043
 dump    6 on file runtpo     nps =    10095688  coll =      466441457
                              ctm =     75.04     nrn =     7212045431
 dump    7 on file runtpo     nps =    12120780  coll =      560015725
                              ctm =     90.04     nrn =     8658898326
 dump    8 on file runtpo     nps =    14141910  coll =      653518040
                              ctm =    105.05     nrn =    10104757261
 dump    9 on file runtpo     nps =    16167840  coll =      747073813
                              ctm =    120.05     nrn =    11551135091
 dump   10 on file runtpo     nps =    18193750  coll =      840680474
                              ctm =    135.06     nrn =    12998551657
 dump   11 on file runtpo     nps =    20217055  coll =      934239700
                              ctm =    150.07     nrn =    14445115198
 dump   12 on file runtpo     nps =    22240080  coll =     1027653134
                              ctm =    165.07     nrn =    15889309626
 dump   13 on file runtpo     nps =    24263385  coll =     1121343786
                              ctm =    180.08     nrn =    17338101981
 dump   14 on file runtpo     nps =    26288935  coll =     1214972118
                              ctm =    195.09     nrn =    18785742372
 dump   15 on file runtpo     nps =    28314792  coll =     1308562064
                              ctm =    210.11     nrn =    20232778807
 dump   16 on file runtpo     nps =    30338532  coll =     1402132994
                              ctm =    225.12     nrn =    21679809364
 dump   17 on file runtpo     nps =    32361826  coll =     1495685293
                              ctm =    240.12     nrn =    23126373846
 dump   18 on file runtpo     nps =    34385120  coll =     1589181408
                              ctm =    255.14     nrn =    24572067349
 dump   19 on file runtpo     nps =    36399083  coll =     1682363638
                              ctm =    270.14     nrn =    26012996357
 dump   20 on file runtpo     nps =    38417540  coll =     1775677022
                              ctm =    285.14     nrn =    27455881486
 dump   21 on file runtpo     nps =    40438600  coll =     1869052642
                              ctm =    300.15     nrn =    28899553112
 dump   22 on file runtpo     nps =    42461905  coll =     1962530939
                              ctm =    315.17     nrn =    30344753267
 dump   23 on file runtpo     nps =    44484650  coll =     2056005882
                              ctm =    330.18     nrn =    31790123237
 dump   24 on file runtpo     nps =    46506270  coll =     2149455837
                              ctm =    345.18     nrn =    33234951736
 dump   25 on file runtpo     nps =    48529015  coll =     2242959307
                              ctm =    360.19     nrn =    34680702149
 dump   26 on file runtpo     nps =    50552880  coll =     2336542998
                              ctm =    375.20     nrn =    36127866555
 dump   27 on file runtpo     nps =    52575625  coll =     2430067547
                              ctm =    390.20     nrn =    37574017755
 dump   28 on file runtpo     nps =    54599490  coll =     2523510634
                              ctm =    405.21     nrn =    39018672124
 dump   29 on file runtpo     nps =    56622235  coll =     2617177603
                              ctm =    420.22     nrn =    40467387507
 dump   30 on file runtpo     nps =    58646100  coll =     2710724793
                              ctm =    435.23     nrn =    41913772848
 dump   31 on file runtpo     nps =    60668845  coll =     2804236119
                              ctm =    450.23     nrn =    43359640202
 dump   32 on file runtpo     nps =    62692710  coll =     2897799383
                              ctm =    465.24     nrn =    44806330841
 dump   33 on file runtpo     nps =    64717700  coll =     2991373747
                              ctm =    480.26     nrn =    46253267878
 dump   34 on file runtpo     nps =    66741847  coll =     3084888368
                              ctm =    495.26     nrn =    47699037071
 dump   35 on file runtpo     nps =    68762653  coll =     3178368413
                              ctm =    510.27     nrn =    49144636349
 dump   36 on file runtpo     nps =    70783685  coll =     3271763198
                              ctm =    525.27     nrn =    50588732791
 dump   37 on file runtpo     nps =    72808849  coll =     3365367294
                              ctm =    540.28     nrn =    52036136627
 dump   38 on file runtpo     nps =    74833032  coll =     3458867469
                              ctm =    555.29     nrn =    53481739922
 dump   39 on file runtpo     nps =    76854432  coll =     3552357152
                              ctm =    570.29     nrn =    54927390915
 dump   40 on file runtpo     nps =    78877374  coll =     3645816048
                              ctm =    585.30     nrn =    56372275737
 dump   41 on file runtpo     nps =    80901020  coll =     3739320892
                              ctm =    600.31     nrn =    57818010124
 dump   42 on file runtpo     nps =    82923962  coll =     3832781329
                              ctm =    615.32     nrn =    59263040164
 dump   43 on file runtpo     nps =    84947608  coll =     3926251373
                              ctm =    630.32     nrn =    60708312307
 dump   44 on file runtpo     nps =    86955009  coll =     4018884524
                              ctm =    645.33     nrn =    62140526721
 dump   45 on file runtpo     nps =    88977754  coll =     4112445198
                              ctm =    660.34     nrn =    63587274280
 dump   46 on file runtpo     nps =    90998775  coll =     4205921544
                              ctm =    675.34     nrn =    65032750722
 dump   47 on file runtpo     nps =    93021520  coll =     4299447368
                              ctm =    690.35     nrn =    66478902976
 dump   48 on file runtpo     nps =    95042020  coll =     4392842713
                              ctm =    705.35     nrn =    67922894269
 dump   49 on file runtpo     nps =    97064765  coll =     4486369050
                              ctm =    720.36     nrn =    69369008324
 dump   50 on file runtpo     nps =    99087505  coll =     4579813334
                              ctm =    735.36     nrn =    70813728329
 run terminated when 100000000 particle histories were done.
 warning.     1 of   1 tallies had bins with large relative errors.
 dump   51 on file runtpo     nps =   100000000  coll =     4622042004
                              ctm =    742.12     nrn =    71466729463
 mcrun  is done
