 mcnpx    ver=2.5e  ld=Mon Feb 23 08:00:00 MST 2004   04/30/15 05:10:06

 *****************************************************
 *                                                   *
 *            Copyright Notice for MCNPX             *
 *                                                   *
 * This program was prepared by the Regents of the   *
 * University of California at Los Alamos National   *
 * Laboratory (the University) under contract number *
 * W-7405-ENG-36 with the U.S. Department of Energy  *
 * (DOE).  The University has certain rights in the  *
 * program pursuant to the contract and the program  *
 * should not be copied or distributed outside your  *
 * organization.   All rights in the program are     *
 * reserved by the DOE and the University.  Neither  *
 * the U.S. Government nor the University makes any  *
 * warranty, express or implied, or assumes any      *
 * liability or responsibility for the use of this   *
 * software.                                         *
 *                                                   *
 *****************************************************
 mode: n P                                                            
 warning.  photonuclear physics may be needed (phys:p).
 
 warning.   322 surfaces were deleted for being the same as others.
 warning.    19 energy bins of tally  14 are below energy cutoff.
 imcn   is done
 runtpe already exists.  runtpf is created instead.
 runtpf already exists.  runtpg is created instead.
 runtpg already exists.  runtph is created instead.
 runtph already exists.  runtpi is created instead.
 runtpi already exists.  runtpj is created instead.
 runtpj already exists.  runtpk is created instead.
 runtpk already exists.  runtpl is created instead.
 runtpl already exists.  runtpm is created instead.
 runtpm already exists.  runtpn is created instead.
 runtpn already exists.  runtpo is created instead.
 runtpo already exists.  runtpp is created instead.
 runtpp already exists.  runtpq is created instead.
 runtpq already exists.  runtpr is created instead.
 runtpr already exists.  runtps is created instead.
 runtps already exists.  runtpt is created instead.
 warning.  material    7 has been set to a conductor.
 dump    1 on file runtpt     nps =           0  coll =              0
                              ctm =      0.00     nrn =              0
 xact   is done
 dynamic storage =         0 words,          0 bytes.      cp0 =  0.02
 dump    2 on file runtpt     nps =     1512098  coll =       85971299
                              ctm =     15.00     nrn =     1342271805
 dump    3 on file runtpt     nps =     3026000  coll =      172030667
                              ctm =     30.02     nrn =     2685791051
 dump    4 on file runtpt     nps =     4538480  coll =      257928817
                              ctm =     45.02     nrn =     4026710445
 dump    5 on file runtpt     nps =     6053680  coll =      344023434
                              ctm =     60.03     nrn =     5370541048
 dump    6 on file runtpt     nps =     7567840  coll =      430109282
                              ctm =     75.04     nrn =     6714622826
 dump    7 on file runtpt     nps =     9080320  coll =      516018745
                              ctm =     90.05     nrn =     8055621831
 dump    8 on file runtpt     nps =    10592800  coll =      602009989
                              ctm =    105.05     nrn =     9398164485
 dump    9 on file runtpt     nps =    12107360  coll =      688128583
                              ctm =    120.06     nrn =    10742526730
 dump   10 on file runtpt     nps =    13622800  coll =      774324075
                              ctm =    135.07     nrn =    12087997996
 dump   11 on file runtpt     nps =    15137360  coll =      860409137
                              ctm =    150.09     nrn =    13431661776
 dump   12 on file runtpt     nps =    16652960  coll =      946476067
                              ctm =    165.09     nrn =    14775143768
 dump   13 on file runtpt     nps =    18167812  coll =     1032545066
                              ctm =    180.10     nrn =    16118720201
 dump   14 on file runtpt     nps =    19682935  coll =     1118652425
                              ctm =    195.11     nrn =    17462999190
 dump   15 on file runtpt     nps =    21194425  coll =     1204636461
                              ctm =    210.12     nrn =    18805470606
 dump   16 on file runtpt     nps =    22702720  coll =     1290411540
                              ctm =    225.13     nrn =    20144434593
 dump   17 on file runtpt     nps =    24214720  coll =     1376393824
                              ctm =    240.15     nrn =    21486753690
 dump   18 on file runtpt     nps =    25731840  coll =     1462522854
                              ctm =    255.16     nrn =    22831223762
 dump   19 on file runtpt     nps =    27250749  coll =     1548733561
                              ctm =    270.18     nrn =    24176878844
 dump   20 on file runtpt     nps =    28767817  coll =     1634940897
                              ctm =    285.19     nrn =    25522512581
 dump   21 on file runtpt     nps =    30282398  coll =     1721004240
                              ctm =    300.20     nrn =    26866075677
 dump   22 on file runtpt     nps =    31797521  coll =     1807137803
                              ctm =    315.20     nrn =    28210910745
 dump   23 on file runtpt     nps =    33314325  coll =     1893253316
                              ctm =    330.21     nrn =    29555087589
 dump   24 on file runtpt     nps =    34829448  coll =     1979387450
                              ctm =    345.23     nrn =    30899771707
 dump   25 on file runtpt     nps =    36344029  coll =     2065390307
                              ctm =    360.23     nrn =    32242246737
 dump   26 on file runtpt     nps =    37855790  coll =     2151288237
                              ctm =    375.23     nrn =    33583094878
 dump   27 on file runtpt     nps =    39370913  coll =     2237310325
                              ctm =    390.25     nrn =    34925855786
 dump   28 on file runtpt     nps =    40887175  coll =     2323476196
                              ctm =    405.25     nrn =    36271238254
 dump   29 on file runtpt     nps =    42403979  coll =     2409583880
                              ctm =    420.27     nrn =    37615434412
 dump   30 on file runtpt     nps =    43920241  coll =     2495734461
                              ctm =    435.27     nrn =    38960260490
 dump   31 on file runtpt     nps =    45435906  coll =     2581795415
                              ctm =    450.27     nrn =    40303536667
 dump   32 on file runtpt     nps =    46952168  coll =     2667984728
                              ctm =    465.28     nrn =    41649094363
 dump   33 on file runtpt     nps =    48468430  coll =     2754107567
                              ctm =    480.29     nrn =    42993646755
 dump   34 on file runtpt     nps =    49982414  coll =     2840166829
                              ctm =    495.30     nrn =    44337109349
 dump   35 on file runtpt     nps =    51496995  coll =     2926274611
                              ctm =    510.30     nrn =    45681570046
 dump   36 on file runtpt     nps =    53011576  coll =     3012336775
                              ctm =    525.30     nrn =    47025208193
 dump   37 on file runtpt     nps =    54527241  coll =     3098479852
                              ctm =    540.31     nrn =    48370000282
 dump   38 on file runtpt     nps =    56043778  coll =     3184616900
                              ctm =    555.32     nrn =    49714405033
 dump   39 on file runtpt     nps =    57559296  coll =     3270723058
                              ctm =    570.32     nrn =    51058620489
 dump   40 on file runtpt     nps =    59074778  coll =     3356897574
                              ctm =    585.34     nrn =    52403938486
 dump   41 on file runtpt     nps =    60588578  coll =     3442867964
                              ctm =    600.34     nrn =    53745935839
 dump   42 on file runtpt     nps =    62102708  coll =     3528946706
                              ctm =    615.35     nrn =    55089572091
 dump   43 on file runtpt     nps =    63618190  coll =     3615026175
                              ctm =    630.35     nrn =    56433316647
 dump   44 on file runtpt     nps =    65133672  coll =     3701103641
                              ctm =    645.36     nrn =    57777113345
 dump   45 on file runtpt     nps =    66649484  coll =     3787294912
                              ctm =    660.38     nrn =    59122572076
 dump   46 on file runtpt     nps =    68164966  coll =     3873455417
                              ctm =    675.39     nrn =    60467751284
 dump   47 on file runtpt     nps =    69679096  coll =     3959524388
                              ctm =    690.39     nrn =    61811454438
 dump   48 on file runtpt     nps =    71194578  coll =     4045716947
                              ctm =    705.40     nrn =    63157115682
 dump   49 on file runtpt     nps =    72711742  coll =     4131973020
                              ctm =    720.42     nrn =    64503624569
 dump   50 on file runtpt     nps =    74227554  coll =     4218030664
                              ctm =    735.42     nrn =    65846889332
 dump   51 on file runtpt     nps =    75743036  coll =     4304074978
                              ctm =    750.42     nrn =    67189908766
 dump   52 on file runtpt     nps =    77258518  coll =     4390153752
                              ctm =    765.42     nrn =    68533475111
 dump   53 on file runtpt     nps =    78774330  coll =     4476221719
                              ctm =    780.43     nrn =    69876938299
 dump   54 on file runtpt     nps =    80289812  coll =     4562298065
                              ctm =    795.43     nrn =    71220541221
 dump   55 on file runtpt     nps =    81805294  coll =     4648391246
                              ctm =    810.43     nrn =    72564423920
 dump   56 on file runtpt     nps =    83319424  coll =     4734460637
                              ctm =    825.44     nrn =    73907992646
 dump   57 on file runtpt     nps =    84834906  coll =     4820590705
                              ctm =    840.44     nrn =    75252907372
 dump   58 on file runtpt     nps =    86341978  coll =     4906195015
                              ctm =    855.45     nrn =    76589065409
 dump   59 on file runtpt     nps =    87857460  coll =     4992279486
                              ctm =    870.46     nrn =    77932741804
 dump   60 on file runtpt     nps =    89374624  coll =     5078432458
                              ctm =    885.46     nrn =    79277644687
 dump   61 on file runtpt     nps =    90890766  coll =     5164619964
                              ctm =    900.46     nrn =    80622941361
 dump   62 on file runtpt     nps =    92406248  coll =     5250803780
                              ctm =    915.46     nrn =    81968321109
 dump   63 on file runtpt     nps =    93921730  coll =     5336938709
                              ctm =    930.46     nrn =    83312911818
 dump   64 on file runtpt     nps =    95411443  coll =     5421645602
                              ctm =    945.47     nrn =    84635360587
 dump   65 on file runtpt     nps =    96926024  coll =     5507769788
                              ctm =    960.48     nrn =    85979713110
 dump   66 on file runtpt     nps =    98441842  coll =     5593926096
                              ctm =    975.48     nrn =    87324714340
 dump   67 on file runtpt     nps =    99956423  coll =     5679958704
                              ctm =    990.49     nrn =    88667742970
 run terminated when 100000000 particle histories were done.
 warning.     1 of   1 tallies had bins with large relative errors.
 dump   68 on file runtpt     nps =   100000000  coll =     5682435078
                              ctm =    990.92     nrn =    88706387296
 mcrun  is done
