 mcnpx    ver=2.5e  ld=Mon Feb 23 08:00:00 MST 2004   04/30/15 20:48:02

 *****************************************************
 *                                                   *
 *            Copyright Notice for MCNPX             *
 *                                                   *
 * This program was prepared by the Regents of the   *
 * University of California at Los Alamos National   *
 * Laboratory (the University) under contract number *
 * W-7405-ENG-36 with the U.S. Department of Energy  *
 * (DOE).  The University has certain rights in the  *
 * program pursuant to the contract and the program  *
 * should not be copied or distributed outside your  *
 * organization.   All rights in the program are     *
 * reserved by the DOE and the University.  Neither  *
 * the U.S. Government nor the University makes any  *
 * warranty, express or implied, or assumes any      *
 * liability or responsibility for the use of this   *
 * software.                                         *
 *                                                   *
 *****************************************************
 mode: n P                                                            
 warning.  photonuclear physics may be needed (phys:p).
 
 warning.   321 surfaces were deleted for being the same as others.
 warning.    19 energy bins of tally  14 are below energy cutoff.
 imcn   is done
 runtpe already exists.  runtpf is created instead.
 runtpf already exists.  runtpg is created instead.
 runtpg already exists.  runtph is created instead.
 runtph already exists.  runtpi is created instead.
 runtpi already exists.  runtpj is created instead.
 runtpj already exists.  runtpk is created instead.
 runtpk already exists.  runtpl is created instead.
 runtpl already exists.  runtpm is created instead.
 runtpm already exists.  runtpn is created instead.
 runtpn already exists.  runtpo is created instead.
 runtpo already exists.  runtpp is created instead.
 runtpp already exists.  runtpq is created instead.
 runtpq already exists.  runtpr is created instead.
 runtpr already exists.  runtps is created instead.
 runtps already exists.  runtpt is created instead.
 runtpt already exists.  runtpu is created instead.
 runtpu already exists.  runtpv is created instead.
 warning.  material    7 has been set to a conductor.
 dump    1 on file runtpv     nps =           0  coll =              0
                              ctm =      0.00     nrn =              0
 xact   is done
 dynamic storage =         0 words,          0 bytes.      cp0 =  0.02
 dump    2 on file runtpv     nps =     1480297  coll =       84391021
                              ctm =     15.00     nrn =     1316665373
 dump    3 on file runtpv     nps =     2997292  coll =      170850000
                              ctm =     30.01     nrn =     2665505764
 dump    4 on file runtpv     nps =     4512309  coll =      257139398
                              ctm =     45.02     nrn =     4011597825
 dump    5 on file runtpv     nps =     6013135  coll =      342625197
                              ctm =     60.02     nrn =     5344959298
 dump    6 on file runtpv     nps =     7529138  coll =      429057621
                              ctm =     75.03     nrn =     6693474805
 dump    7 on file runtpv     nps =     9045462  coll =      515402603
                              ctm =     90.04     nrn =     8040323862
 dump    8 on file runtpv     nps =    10561600  coll =      601829543
                              ctm =    105.05     nrn =     9388718464
 dump    9 on file runtpv     nps =    12074925  coll =      688124632
                              ctm =    120.07     nrn =    10734882622
 dump   10 on file runtpv     nps =    13588540  coll =      774437218
                              ctm =    135.08     nrn =    12081242218
 dump   11 on file runtpv     nps =    15100256  coll =      860583771
                              ctm =    150.09     nrn =    13424938386
 dump   12 on file runtpv     nps =    16613749  coll =      946776222
                              ctm =    165.10     nrn =    14769439164
 dump   13 on file runtpv     nps =    18125756  coll =     1032907771
                              ctm =    180.10     nrn =    16113013014
 dump   14 on file runtpv     nps =    19637116  coll =     1119003077
                              ctm =    195.10     nrn =    17456099742
 dump   15 on file runtpv     nps =    21150800  coll =     1205359267
                              ctm =    210.11     nrn =    18803503485
 dump   16 on file runtpv     nps =    22662160  coll =     1291512742
                              ctm =    225.11     nrn =    20147377499
 dump   17 on file runtpv     nps =    24173137  coll =     1377704440
                              ctm =    240.13     nrn =    21492042010
 dump   18 on file runtpv     nps =    25689787  coll =     1464029532
                              ctm =    255.14     nrn =    22838614380
 dump   19 on file runtpv     nps =    27207944  coll =     1550416543
                              ctm =    270.15     nrn =    24186052508
 dump   20 on file runtpv     nps =    28725696  coll =     1636883178
                              ctm =    285.17     nrn =    25534792494
 dump   21 on file runtpv     nps =    30241205  coll =     1723236895
                              ctm =    300.17     nrn =    26881925498
 dump   22 on file runtpv     nps =    31757622  coll =     1809685141
                              ctm =    315.18     nrn =    28230779278
 dump   23 on file runtpv     nps =    33275058  coll =     1896057519
                              ctm =    330.19     nrn =    29578011985
 dump   24 on file runtpv     nps =    34789516  coll =     1982386890
                              ctm =    345.19     nrn =    30924799118
 dump   25 on file runtpv     nps =    36303594  coll =     2068574249
                              ctm =    360.19     nrn =    32269205595
 dump   26 on file runtpv     nps =    37817672  coll =     2154827636
                              ctm =    375.20     nrn =    33614666095
 dump   27 on file runtpv     nps =    39333680  coll =     2241136741
                              ctm =    390.20     nrn =    34960937474
 dump   28 on file runtpv     nps =    40850720  coll =     2327590907
                              ctm =    405.21     nrn =    36309877784
 dump   29 on file runtpv     nps =    42366160  coll =     2413855006
                              ctm =    420.21     nrn =    37655599251
 dump   30 on file runtpv     nps =    43881520  coll =     2500187383
                              ctm =    435.22     nrn =    39002323314
 dump   31 on file runtpv     nps =    45397040  coll =     2586473326
                              ctm =    450.22     nrn =    40348170330
 dump   32 on file runtpv     nps =    46912400  coll =     2672819721
                              ctm =    465.23     nrn =    41695178867
 dump   33 on file runtpv     nps =    48427760  coll =     2759136250
                              ctm =    480.23     nrn =    43041796560
 dump   34 on file runtpv     nps =    49941600  coll =     2845423325
                              ctm =    495.24     nrn =    44387886303
 dump   35 on file runtpv     nps =    51458640  coll =     2931871809
                              ctm =    510.25     nrn =    45736647987
 dump   36 on file runtpv     nps =    52974000  coll =     3018226073
                              ctm =    525.26     nrn =    47083923649
 dump   37 on file runtpv     nps =    54491200  coll =     3104691735
                              ctm =    540.28     nrn =    48432775599
 dump   38 on file runtpv     nps =    56008568  coll =     3191094450
                              ctm =    555.29     nrn =    49780378716
 dump   39 on file runtpv     nps =    57525548  coll =     3277511344
                              ctm =    570.30     nrn =    51128430194
 dump   40 on file runtpv     nps =    59041810  coll =     3363959382
                              ctm =    585.30     nrn =    52477090298
 dump   41 on file runtpv     nps =    60556391  coll =     3450216615
                              ctm =    600.31     nrn =    53822584556
 dump   42 on file runtpv     nps =    62072056  coll =     3536604281
                              ctm =    615.32     nrn =    55170112239
 dump   43 on file runtpv     nps =    63589999  coll =     3623030745
                              ctm =    630.33     nrn =    56518315410
 dump   44 on file runtpv     nps =    65106261  coll =     3709411800
                              ctm =    645.34     nrn =    57865929680
 dump   45 on file runtpv     nps =    66621926  coll =     3795818795
                              ctm =    660.35     nrn =    59213804427
 dump   46 on file runtpv     nps =    68139869  coll =     3882352709
                              ctm =    675.36     nrn =    60563832517
 dump   47 on file runtpv     nps =    69655534  coll =     3968733638
                              ctm =    690.36     nrn =    61911488397
 dump   48 on file runtpv     nps =    71171796  coll =     4055205311
                              ctm =    705.38     nrn =    63260594306
 dump   49 on file runtpv     nps =    72689739  coll =     4141735343
                              ctm =    720.39     nrn =    64610399464
 dump   50 on file runtpv     nps =    74207085  coll =     4228112831
                              ctm =    735.40     nrn =    65957710629
 dump   51 on file runtpv     nps =    75723347  coll =     4314442587
                              ctm =    750.40     nrn =    67304284512
 dump   52 on file runtpv     nps =    77239609  coll =     4400802615
                              ctm =    765.41     nrn =    68651304360
 dump   53 on file runtpv     nps =    78756955  coll =     4487185642
                              ctm =    780.42     nrn =    69998708876
 dump   54 on file runtpv     nps =    80273217  coll =     4573554287
                              ctm =    795.43     nrn =    71345941202
 dump   55 on file runtpv     nps =    81789691  coll =     4659931012
                              ctm =    810.44     nrn =    72693333324
 dump   56 on file runtpv     nps =    83305968  coll =     4746343583
                              ctm =    825.45     nrn =    74041303280
 dump   57 on file runtpv     nps =    84821450  coll =     4832704877
                              ctm =    840.45     nrn =    75388875936
 dump   58 on file runtpv     nps =    86338614  coll =     4919106492
                              ctm =    855.46     nrn =    76736552006
 warning. tally not scored beyond last energy bin.                    
 nps =  86612163     tal =   14     erg = 1.6612E+01      
 dump   59 on file runtpv     nps =    87854096  coll =     5005410271
                              ctm =    870.47     nrn =    78082705318
 dump   60 on file runtpv     nps =    89371260  coll =     5091793486
                              ctm =    885.47     nrn =    79430243135
 dump   61 on file runtpv     nps =    90889084  coll =     5178312158
                              ctm =    900.49     nrn =    80779780122
 dump   62 on file runtpv     nps =    92404566  coll =     5264735754
                              ctm =    915.49     nrn =    82127955146
 dump   63 on file runtpv     nps =    93921730  coll =     5351196200
                              ctm =    930.50     nrn =    83476666200
 dump   64 on file runtpv     nps =    95437212  coll =     5437596365
                              ctm =    945.50     nrn =    84824621957
 dump   65 on file runtpv     nps =    96954376  coll =     5524090554
                              ctm =    960.52     nrn =    86173770993
 dump   66 on file runtpv     nps =    98472200  coll =     5610590714
                              ctm =    975.52     nrn =    87523177157
 dump   67 on file runtpv     nps =    99987682  coll =     5696891169
                              ctm =    990.52     nrn =    88869441456
 run terminated when 100000000 particle histories were done.
 warning.     1 of   1 tallies had bins with large relative errors.
 dump   68 on file runtpv     nps =   100000000  coll =     5697598152
                              ctm =    990.65     nrn =    88880467401
 mcrun  is done
