 mcnpx    ver=2.5e  ld=Mon Feb 23 08:00:00 MST 2004   05/01/15 14:04:05

 *****************************************************
 *                                                   *
 *            Copyright Notice for MCNPX             *
 *                                                   *
 * This program was prepared by the Regents of the   *
 * University of California at Los Alamos National   *
 * Laboratory (the University) under contract number *
 * W-7405-ENG-36 with the U.S. Department of Energy  *
 * (DOE).  The University has certain rights in the  *
 * program pursuant to the contract and the program  *
 * should not be copied or distributed outside your  *
 * organization.   All rights in the program are     *
 * reserved by the DOE and the University.  Neither  *
 * the U.S. Government nor the University makes any  *
 * warranty, express or implied, or assumes any      *
 * liability or responsibility for the use of this   *
 * software.                                         *
 *                                                   *
 *****************************************************
 mode: n P                                                            
 warning.  photonuclear physics may be needed (phys:p).
 
 warning.   321 surfaces were deleted for being the same as others.
 warning.    19 energy bins of tally  14 are below energy cutoff.
 imcn   is done
 runtpe already exists.  runtpf is created instead.
 runtpf already exists.  runtpg is created instead.
 runtpg already exists.  runtph is created instead.
 runtph already exists.  runtpi is created instead.
 runtpi already exists.  runtpj is created instead.
 runtpj already exists.  runtpk is created instead.
 runtpk already exists.  runtpl is created instead.
 runtpl already exists.  runtpm is created instead.
 runtpm already exists.  runtpn is created instead.
 runtpn already exists.  runtpo is created instead.
 runtpo already exists.  runtpp is created instead.
 runtpp already exists.  runtpq is created instead.
 runtpq already exists.  runtpr is created instead.
 runtpr already exists.  runtps is created instead.
 runtps already exists.  runtpt is created instead.
 runtpt already exists.  runtpu is created instead.
 runtpu already exists.  runtpv is created instead.
 runtpv already exists.  runtpw is created instead.
 runtpw already exists.  runtpx is created instead.
 runtpx already exists.  runtpy is created instead.
 runtpy already exists.  runtpz is created instead.
 warning.  material    7 has been set to a conductor.
 dump    1 on file runtpz     nps =           0  coll =              0
                              ctm =      0.00     nrn =              0
 xact   is done
 dynamic storage =         0 words,          0 bytes.      cp0 =  0.02
 dump    2 on file runtpz     nps =     1515637  coll =       86438039
                              ctm =     15.01     nrn =     1348150770
 dump    3 on file runtpz     nps =     3044094  coll =      173612869
                              ctm =     30.01     nrn =     2707698658
 dump    4 on file runtpz     nps =     4571960  coll =      260640833
                              ctm =     45.01     nrn =     4064827562
 dump    5 on file runtpz     nps =     6079455  coll =      346584268
                              ctm =     60.02     nrn =     5404903073
 dump    6 on file runtpz     nps =     7607140  coll =      433691522
                              ctm =     75.04     nrn =     6763470028
 dump    7 on file runtpz     nps =     9133260  coll =      520648157
                              ctm =     90.04     nrn =     8119408205
 dump    8 on file runtpz     nps =    10661059  coll =      607781158
                              ctm =    105.06     nrn =     9478348975
 dump    9 on file runtpz     nps =    12187286  coll =      694808773
                              ctm =    120.06     nrn =    10835426681
 dump   10 on file runtpz     nps =    13712971  coll =      781878909
                              ctm =    135.07     nrn =    12193171487
 dump   11 on file runtpz     nps =    15239528  coll =      868916944
                              ctm =    150.08     nrn =    13550293766
 dump   12 on file runtpz     nps =    16768084  coll =      955984315
                              ctm =    165.09     nrn =    14907942208
 dump   13 on file runtpz     nps =    18296825  coll =     1043099179
                              ctm =    180.10     nrn =    16266441710
 dump   14 on file runtpz     nps =    19821688  coll =     1130045354
                              ctm =    195.10     nrn =    17622474652
 dump   15 on file runtpz     nps =    21348509  coll =     1217131105
                              ctm =    210.11     nrn =    18980641858
 dump   16 on file runtpz     nps =    22875065  coll =     1304230086
                              ctm =    225.12     nrn =    20338840494
 dump   17 on file runtpz     nps =    24402151  coll =     1391342041
                              ctm =    240.14     nrn =    21697290696
 dump   18 on file runtpz     nps =    25930400  coll =     1478375680
                              ctm =    255.14     nrn =    23054565435
 dump   19 on file runtpz     nps =    27458933  coll =     1565358310
                              ctm =    270.14     nrn =    24410765781
 dump   20 on file runtpz     nps =    28987084  coll =     1652513300
                              ctm =    285.15     nrn =    25769841295
 dump   21 on file runtpz     nps =    30513378  coll =     1739506379
                              ctm =    300.16     nrn =    27126500419
 dump   22 on file runtpz     nps =    32039626  coll =     1826548035
                              ctm =    315.17     nrn =    28484160203
 dump   23 on file runtpz     nps =    33565874  coll =     1913440132
                              ctm =    330.18     nrn =    29839027868
 dump   24 on file runtpz     nps =    35092122  coll =     2000450914
                              ctm =    345.20     nrn =    31195888510
 dump   25 on file runtpz     nps =    36618416  coll =     2087389486
                              ctm =    360.20     nrn =    32551526044
 dump   26 on file runtpz     nps =    38137888  coll =     2173958969
                              ctm =    375.22     nrn =    33901385407
 dump   27 on file runtpz     nps =    39658632  coll =     2260627615
                              ctm =    390.22     nrn =    35253090762
 dump   28 on file runtpz     nps =    41185169  coll =     2347639180
                              ctm =    405.22     nrn =    36610197980
 dump   29 on file runtpz     nps =    42712255  coll =     2434599225
                              ctm =    420.24     nrn =    37966137421
 dump   30 on file runtpz     nps =    44237648  coll =     2521566767
                              ctm =    435.25     nrn =    39322450022
 dump   31 on file runtpz     nps =    45763674  coll =     2608435670
                              ctm =    450.26     nrn =    40676917215
 dump   32 on file runtpz     nps =    47289067  coll =     2695467208
                              ctm =    465.26     nrn =    42034215167
 dump   33 on file runtpz     nps =    48814501  coll =     2782408970
                              ctm =    480.27     nrn =    43390173234
 dump   34 on file runtpz     nps =    50338928  coll =     2869308838
                              ctm =    495.27     nrn =    44745356129
 dump   35 on file runtpz     nps =    51864923  coll =     2956311950
                              ctm =    510.28     nrn =    46102253075
 dump   36 on file runtpz     nps =    53390212  coll =     3043275225
                              ctm =    525.29     nrn =    47458520435
 dump   37 on file runtpz     nps =    54915606  coll =     3130190462
                              ctm =    540.30     nrn =    48813861124
 dump   38 on file runtpz     nps =    56440999  coll =     3217139434
                              ctm =    555.31     nrn =    50169583833
 dump   39 on file runtpz     nps =    57967232  coll =     3304186097
                              ctm =    570.32     nrn =    51527254971
 dump   40 on file runtpz     nps =    59493440  coll =     3391157555
                              ctm =    585.32     nrn =    52883378410
 dump   41 on file runtpz     nps =    61019734  coll =     3478156223
                              ctm =    600.34     nrn =    54239978828
 dump   42 on file runtpz     nps =    62542735  coll =     3564992967
                              ctm =    615.34     nrn =    55594120358
 dump   43 on file runtpz     nps =    64070599  coll =     3652057361
                              ctm =    630.35     nrn =    56951830674
 dump   44 on file runtpz     nps =    65596984  coll =     3739052523
                              ctm =    645.35     nrn =    58308640728
 dump   45 on file runtpz     nps =    67123278  coll =     3826074987
                              ctm =    660.36     nrn =    59665666057
 dump   46 on file runtpz     nps =    68647878  coll =     3913041141
                              ctm =    675.36     nrn =    61021960054
 dump   47 on file runtpz     nps =    70175774  coll =     4000206599
                              ctm =    690.38     nrn =    62381408702
 dump   48 on file runtpz     nps =    71702068  coll =     4087208198
                              ctm =    705.38     nrn =    63738072006
 dump   49 on file runtpz     nps =    73231750  coll =     4174484494
                              ctm =    720.39     nrn =    65099169649
 dump   50 on file runtpz     nps =    74759646  coll =     4261464548
                              ctm =    735.40     nrn =    66455476727
 dump   51 on file runtpz     nps =    76285940  coll =     4348361841
                              ctm =    750.41     nrn =    67810298516
 dump   52 on file runtpz     nps =    77813928  coll =     4435396132
                              ctm =    765.42     nrn =    69167366593
 dump   53 on file runtpz     nps =    79341824  coll =     4522489369
                              ctm =    780.44     nrn =    70525477020
 dump   54 on file runtpz     nps =    80868118  coll =     4609455816
                              ctm =    795.44     nrn =    71881440092
 dump   55 on file runtpz     nps =    82397708  coll =     4696609313
                              ctm =    810.45     nrn =    73240519738
 dump   56 on file runtpz     nps =    83922308  coll =     4783539583
                              ctm =    825.46     nrn =    74596237974
 dump   57 on file runtpz     nps =    85448602  coll =     4870545565
                              ctm =    840.47     nrn =    75953363569
 dump   58 on file runtpz     nps =    86974896  coll =     4957420858
                              ctm =    855.47     nrn =    77307768009
 dump   59 on file runtpz     nps =    88499496  coll =     5044360219
                              ctm =    870.48     nrn =    78663480850
 dump   60 on file runtpz     nps =    90025790  coll =     5131417206
                              ctm =    885.49     nrn =    80021186237
 dump   61 on file runtpz     nps =    91553594  coll =     5218486238
                              ctm =    900.49     nrn =    81378749845
 dump   62 on file runtpz     nps =    93083276  coll =     5305740037
                              ctm =    915.50     nrn =    82739370236
 dump   63 on file runtpz     nps =    94611264  coll =     5392837412
                              ctm =    930.51     nrn =    84097634551
 dump   64 on file runtpz     nps =    96137558  coll =     5479968346
                              ctm =    945.51     nrn =    85456485504
 dump   65 on file runtpz     nps =    97646912  coll =     5565988708
                              ctm =    960.52     nrn =    86797853762
 dump   66 on file runtpz     nps =    99156082  coll =     5651982786
                              ctm =    975.53     nrn =    88138835499
 run terminated when 100000000 particle histories were done.
 warning.     1 of   1 tallies had bins with large relative errors.
 dump   67 on file runtpz     nps =   100000000  coll =     5700084651
                              ctm =    983.81     nrn =    88888964919
 mcrun  is done
