 mcnpx    ver=2.5e  ld=Mon Feb 23 08:00:00 MST 2004   05/01/15 15:01:08

 *****************************************************
 *                                                   *
 *            Copyright Notice for MCNPX             *
 *                                                   *
 * This program was prepared by the Regents of the   *
 * University of California at Los Alamos National   *
 * Laboratory (the University) under contract number *
 * W-7405-ENG-36 with the U.S. Department of Energy  *
 * (DOE).  The University has certain rights in the  *
 * program pursuant to the contract and the program  *
 * should not be copied or distributed outside your  *
 * organization.   All rights in the program are     *
 * reserved by the DOE and the University.  Neither  *
 * the U.S. Government nor the University makes any  *
 * warranty, express or implied, or assumes any      *
 * liability or responsibility for the use of this   *
 * software.                                         *
 *                                                   *
 *****************************************************
 m5: 1001.50c 0.433013139 8016.24c 0.254732249 6000 0.007709002       
 warning.  neutron table inconsistent with mode will be ignored.
 warning.  neutron table inconsistent with mode will be ignored.
          12000 0.002737254 13027.60c 0.009664184 14000 0.086027996   
 warning.  neutron table inconsistent with mode will be ignored.
          16000 0.001452421 20000.60c 0.015641454 26000 0.00525106    
 warning.  neutron table inconsistent with mode will be ignored.
          5010.60c 0.00420085 5011.60c 0.00105021 22000 0.178520181   
 warning.  neutron table inconsistent with mode will be ignored.
 warning.  neutron table inconsistent with mode will be ignored.
 m6: 1001.50c 0.16669048 8016.24c 0.565556984                         
 warning.  neutron table inconsistent with mode will be ignored.
 warning.  neutron table inconsistent with mode will be ignored.
          12000 0.006096109 13027.60c 0.021431633 14000 0.190503405   
 warning.  neutron table inconsistent with mode will be ignored.
          16000 0.003190932 20000.60c 0.034885936 26000 0.011644521   
 warning.  neutron table inconsistent with mode will be ignored.
 m8: 16000 0.333333 1001.50c 0.666667                                 
 warning.  neutron table inconsistent with mode will be ignored.
 
 warning.   321 surfaces were deleted for being the same as others.
 warning.    19 energy bins of tally  14 are below energy cutoff.
 imcn   is done
 runtpe already exists.  runtpf is created instead.
 warning.  material    7 has been set to a conductor.
 dump    1 on file runtpf     nps =           0  coll =              0
                              ctm =      0.00     nrn =              0
 xact   is done
 dynamic storage =         0 words,          0 bytes.      cp0 =  0.01
 dump    2 on file runtpf     nps =     2926432  coll =       18871574
                              ctm =     15.01     nrn =      229243952
 dump    3 on file runtpf     nps =     5852956  coll =       37751487
                              ctm =     30.01     nrn =      458554394
 dump    4 on file runtpf     nps =     8782000  coll =       56641443
                              ctm =     45.03     nrn =      688008340
 dump    5 on file runtpf     nps =    11709250  coll =       75524636
                              ctm =     60.03     nrn =      917372277
 dump    6 on file runtpf     nps =    14635000  coll =       94381357
                              ctm =     75.04     nrn =     1146440715
 dump    7 on file runtpf     nps =    17560750  coll =      113249917
                              ctm =     90.04     nrn =     1375613927
 dump    8 on file runtpf     nps =    20486500  coll =      132123034
                              ctm =    105.05     nrn =     1604872547
 dump    9 on file runtpf     nps =    23415250  coll =      151014241
                              ctm =    120.07     nrn =     1834348523
 dump   10 on file runtpf     nps =    26344000  coll =      169909113
                              ctm =    135.08     nrn =     2063848444
 dump   11 on file runtpf     nps =    29270000  coll =      188787687
                              ctm =    150.09     nrn =     2293163990
 dump   12 on file runtpf     nps =    32195500  coll =      207656533
                              ctm =    165.10     nrn =     2522380546
 dump   13 on file runtpf     nps =    35118157  coll =      226513427
                              ctm =    180.10     nrn =     2751441427
 dump   14 on file runtpf     nps =    38043387  coll =      245395529
                              ctm =    195.11     nrn =     2980815944
 dump   15 on file runtpf     nps =    40969747  coll =      264250971
                              ctm =    210.12     nrn =     3209863192
 dump   16 on file runtpf     nps =    43897096  coll =      283112271
                              ctm =    225.13     nrn =     3438979375
 dump   17 on file runtpf     nps =    46820207  coll =      301960127
                              ctm =    240.13     nrn =     3667921511
 dump   18 on file runtpf     nps =    49746567  coll =      320839416
                              ctm =    255.14     nrn =     3897228268
 dump   19 on file runtpf     nps =    52670667  coll =      339691863
                              ctm =    270.15     nrn =     4126269178
 dump   20 on file runtpf     nps =    55597027  coll =      358566281
                              ctm =    285.15     nrn =     4355544838
 dump   21 on file runtpf     nps =    58523387  coll =      377429137
                              ctm =    300.16     nrn =     4584682071
 dump   22 on file runtpf     nps =    61434441  coll =      396207894
                              ctm =    315.17     nrn =     4812797724
 dump   23 on file runtpf     nps =    64350208  coll =      415007296
                              ctm =    330.17     nrn =     5041147054
 dump   24 on file runtpf     nps =    67273680  coll =      433863286
                              ctm =    345.18     nrn =     5270195156
 dump   25 on file runtpf     nps =    70197152  coll =      452721956
                              ctm =    360.19     nrn =     5499271459
 dump   26 on file runtpf     nps =    73120352  coll =      471584193
                              ctm =    375.20     nrn =     5728383407
 dump   27 on file runtpf     nps =    76043824  coll =      490430300
                              ctm =    390.21     nrn =     5957327404
 dump   28 on file runtpf     nps =    78966944  coll =      509273765
                              ctm =    405.22     nrn =     6186252198
 dump   29 on file runtpf     nps =    81892491  coll =      528146768
                              ctm =    420.23     nrn =     6415523184
 dump   30 on file runtpf     nps =    84816324  coll =      547003248
                              ctm =    435.24     nrn =     6644596158
 dump   31 on file runtpf     nps =    87738624  coll =      565860171
                              ctm =    450.26     nrn =     6873645319
 dump   32 on file runtpf     nps =    90660743  coll =      584702646
                              ctm =    465.26     nrn =     7102511195
 dump   33 on file runtpf     nps =    93583043  coll =      603534952
                              ctm =    480.27     nrn =     7331285240
 dump   34 on file runtpf     nps =    96508590  coll =      622415765
                              ctm =    495.28     nrn =     7560614735
 dump   35 on file runtpf     nps =    99433956  coll =      641284408
                              ctm =    510.30     nrn =     7789809323
 run terminated when 100000000 particle histories were done.
 warning.     1 of   1 tallies had bins with large relative errors.
 dump   36 on file runtpf     nps =   100000000  coll =      644931295
                              ctm =    513.20     nrn =     7834116353
 mcrun  is done
