 mcnpx    ver=2.5e  ld=Mon Feb 23 08:00:00 MST 2004   05/02/15 07:06:07

 *****************************************************
 *                                                   *
 *            Copyright Notice for MCNPX             *
 *                                                   *
 * This program was prepared by the Regents of the   *
 * University of California at Los Alamos National   *
 * Laboratory (the University) under contract number *
 * W-7405-ENG-36 with the U.S. Department of Energy  *
 * (DOE).  The University has certain rights in the  *
 * program pursuant to the contract and the program  *
 * should not be copied or distributed outside your  *
 * organization.   All rights in the program are     *
 * reserved by the DOE and the University.  Neither  *
 * the U.S. Government nor the University makes any  *
 * warranty, express or implied, or assumes any      *
 * liability or responsibility for the use of this   *
 * software.                                         *
 *                                                   *
 *****************************************************
 m5: 1001.50c 0.433013139 8016.24c 0.254732249 6000 0.007709002       
 warning.  neutron table inconsistent with mode will be ignored.
 warning.  neutron table inconsistent with mode will be ignored.
          12000 0.002737254 13027.60c 0.009664184 14000 0.086027996   
 warning.  neutron table inconsistent with mode will be ignored.
          16000 0.001452421 20000.60c 0.015641454 26000 0.00525106    
 warning.  neutron table inconsistent with mode will be ignored.
          5010.60c 0.00420085 5011.60c 0.00105021 22000 0.178520181   
 warning.  neutron table inconsistent with mode will be ignored.
 warning.  neutron table inconsistent with mode will be ignored.
 m6: 1001.50c 0.16669048 8016.24c 0.565556984                         
 warning.  neutron table inconsistent with mode will be ignored.
 warning.  neutron table inconsistent with mode will be ignored.
          12000 0.006096109 13027.60c 0.021431633 14000 0.190503405   
 warning.  neutron table inconsistent with mode will be ignored.
          16000 0.003190932 20000.60c 0.034885936 26000 0.011644521   
 warning.  neutron table inconsistent with mode will be ignored.
 m8: 16000 0.333333 1001.50c 0.666667                                 
 warning.  neutron table inconsistent with mode will be ignored.
 
 warning.   322 surfaces were deleted for being the same as others.
 warning.    19 energy bins of tally  14 are below energy cutoff.
 imcn   is done
 runtpe already exists.  runtpf is created instead.
 runtpf already exists.  runtpg is created instead.
 runtpg already exists.  runtph is created instead.
 warning.  material    7 has been set to a conductor.
 dump    1 on file runtph     nps =           0  coll =              0
                              ctm =      0.00     nrn =              0
 xact   is done
 dynamic storage =         0 words,          0 bytes.      cp0 =  0.01
 dump    2 on file runtph     nps =     3291218  coll =       26725245
                              ctm =     15.01     nrn =      318908156
 dump    3 on file runtph     nps =     6582480  coll =       53442589
                              ctm =     30.02     nrn =      637706722
 dump    4 on file runtph     nps =     9874200  coll =       80168737
                              ctm =     45.02     nrn =      956632834
 dump    5 on file runtph     nps =    13133608  coll =      106630514
                              ctm =     60.04     nrn =     1272366079
 dump    6 on file runtph     nps =    16427776  coll =      133366732
                              ctm =     75.04     nrn =     1591400860
 dump    7 on file runtph     nps =    19722450  coll =      160129734
                              ctm =     90.05     nrn =     1910733273
 dump    8 on file runtph     nps =    22983750  coll =      186613690
                              ctm =    105.05     nrn =     2226746864
 dump    9 on file runtph     nps =    26279169  coll =      213375900
                              ctm =    120.06     nrn =     2546092790
 dump   10 on file runtph     nps =    29573141  coll =      240124254
                              ctm =    135.07     nrn =     2865275288
 dump   11 on file runtph     nps =    32866550  coll =      266857017
                              ctm =    150.07     nrn =     3184287501
 dump   12 on file runtph     nps =    36159200  coll =      293613436
                              ctm =    165.08     nrn =     3503580281
 dump   13 on file runtph     nps =    39452348  coll =      320351212
                              ctm =    180.08     nrn =     3822641110
 dump   14 on file runtph     nps =    42745339  coll =      347087346
                              ctm =    195.08     nrn =     4141667824
 dump   15 on file runtph     nps =    46038388  coll =      373825898
                              ctm =    210.09     nrn =     4460702188
 dump   16 on file runtph     nps =    49330948  coll =      400559842
                              ctm =    225.10     nrn =     4779717448
 dump   17 on file runtph     nps =    52625052  coll =      427317857
                              ctm =    240.11     nrn =     5099023612
 dump   18 on file runtph     nps =    55921831  coll =      454091511
                              ctm =    255.12     nrn =     5418495765
 dump   19 on file runtph     nps =    59217989  coll =      480847563
                              ctm =    270.13     nrn =     5737770121
 dump   20 on file runtph     nps =    62513982  coll =      507604857
                              ctm =    285.14     nrn =     6057062146
 dump   21 on file runtph     nps =    65810050  coll =      534358335
                              ctm =    300.15     nrn =     6376298278
 dump   22 on file runtph     nps =    69105958  coll =      561117528
                              ctm =    315.17     nrn =     6695603513
 dump   23 on file runtph     nps =    72401732  coll =      587875733
                              ctm =    330.18     nrn =     7014899602
 dump   24 on file runtph     nps =    75697506  coll =      614643515
                              ctm =    345.19     nrn =     7334315275
 dump   25 on file runtph     nps =    78989626  coll =      641373425
                              ctm =    360.19     nrn =     7653305713
 dump   26 on file runtph     nps =    82285500  coll =      668138958
                              ctm =    375.21     nrn =     7972718864
 dump   27 on file runtph     nps =    85578655  coll =      694872923
                              ctm =    390.22     nrn =     8291743999
 dump   28 on file runtph     nps =    88871810  coll =      721617442
                              ctm =    405.23     nrn =     8610874965
 dump   29 on file runtph     nps =    92166110  coll =      748365198
                              ctm =    420.24     nrn =     8930034305
 dump   30 on file runtph     nps =    95459265  coll =      775107592
                              ctm =    435.25     nrn =     9249158945
 dump   31 on file runtph     nps =    98753565  coll =      801846527
                              ctm =    450.25     nrn =     9568219078
 run terminated when 100000000 particle histories were done.
 warning.     1 of   1 tallies had bins with large relative errors.
 dump   32 on file runtph     nps =   100000000  coll =      811967612
                              ctm =    455.93     nrn =     9688996677
 mcrun  is done
