 mcnpx    ver=2.5e  ld=Mon Feb 23 08:00:00 MST 2004   05/02/15 08:59:15

 *****************************************************
 *                                                   *
 *            Copyright Notice for MCNPX             *
 *                                                   *
 * This program was prepared by the Regents of the   *
 * University of California at Los Alamos National   *
 * Laboratory (the University) under contract number *
 * W-7405-ENG-36 with the U.S. Department of Energy  *
 * (DOE).  The University has certain rights in the  *
 * program pursuant to the contract and the program  *
 * should not be copied or distributed outside your  *
 * organization.   All rights in the program are     *
 * reserved by the DOE and the University.  Neither  *
 * the U.S. Government nor the University makes any  *
 * warranty, express or implied, or assumes any      *
 * liability or responsibility for the use of this   *
 * software.                                         *
 *                                                   *
 *****************************************************
 m5: 1001.50c 0.433013139 8016.24c 0.254732249 6000 0.007709002       
 warning.  neutron table inconsistent with mode will be ignored.
 warning.  neutron table inconsistent with mode will be ignored.
          12000 0.002737254 13027.60c 0.009664184 14000 0.086027996   
 warning.  neutron table inconsistent with mode will be ignored.
          16000 0.001452421 20000.60c 0.015641454 26000 0.00525106    
 warning.  neutron table inconsistent with mode will be ignored.
          5010.60c 0.00420085 5011.60c 0.00105021 22000 0.178520181   
 warning.  neutron table inconsistent with mode will be ignored.
 warning.  neutron table inconsistent with mode will be ignored.
 m6: 1001.50c 0.16669048 8016.24c 0.565556984                         
 warning.  neutron table inconsistent with mode will be ignored.
 warning.  neutron table inconsistent with mode will be ignored.
          12000 0.006096109 13027.60c 0.021431633 14000 0.190503405   
 warning.  neutron table inconsistent with mode will be ignored.
          16000 0.003190932 20000.60c 0.034885936 26000 0.011644521   
 warning.  neutron table inconsistent with mode will be ignored.
 m8: 16000 0.333333 1001.50c 0.666667                                 
 warning.  neutron table inconsistent with mode will be ignored.
 
 warning.   322 surfaces were deleted for being the same as others.
 warning.    19 energy bins of tally  14 are below energy cutoff.
 imcn   is done
 runtpe already exists.  runtpf is created instead.
 runtpf already exists.  runtpg is created instead.
 runtpg already exists.  runtph is created instead.
 runtph already exists.  runtpi is created instead.
 runtpi already exists.  runtpj is created instead.
 runtpj already exists.  runtpk is created instead.
 warning.  material    7 has been set to a conductor.
 dump    1 on file runtpk     nps =           0  coll =              0
                              ctm =      0.00     nrn =              0
 xact   is done
 dynamic storage =         0 words,          0 bytes.      cp0 =  0.01
 dump    2 on file runtpk     nps =     3388192  coll =       29018862
                              ctm =     15.01     nrn =      345037362
 dump    3 on file runtpk     nps =     6780179  coll =       58062152
                              ctm =     30.02     nrn =      690348382
 dump    4 on file runtpk     nps =    10172152  coll =       87106329
                              ctm =     45.03     nrn =     1035697025
 dump    5 on file runtpk     nps =    13564255  coll =      116150153
                              ctm =     60.04     nrn =     1381013465
 dump    6 on file runtpk     nps =    16952515  coll =      145162873
                              ctm =     75.04     nrn =     1725958957
 dump    7 on file runtpk     nps =    20344540  coll =      174217539
                              ctm =     90.05     nrn =     2071414606
 dump    8 on file runtpk     nps =    23736565  coll =      203266744
                              ctm =    105.06     nrn =     2416805734
 dump    9 on file runtpk     nps =    27124745  coll =      232271590
                              ctm =    120.06     nrn =     2761695330
 dump   10 on file runtpk     nps =    30513085  coll =      261294926
                              ctm =    135.07     nrn =     3106792902
 dump   11 on file runtpk     nps =    33901265  coll =      290301031
                              ctm =    150.07     nrn =     3451699036
 dump   12 on file runtpk     nps =    37289332  coll =      319330360
                              ctm =    165.08     nrn =     3796867906
 dump   13 on file runtpk     nps =    40681080  coll =      348377484
                              ctm =    180.09     nrn =     4142225892
 dump   14 on file runtpk     nps =    44072828  coll =      377416407
                              ctm =    195.10     nrn =     4487500838
 dump   15 on file runtpk     nps =    47461196  coll =      406436023
                              ctm =    210.12     nrn =     4832548900
 dump   16 on file runtpk     nps =    50849564  coll =      435458581
                              ctm =    225.12     nrn =     5177608683
 dump   17 on file runtpk     nps =    54237932  coll =      464477302
                              ctm =    240.13     nrn =     5522668837
 dump   18 on file runtpk     nps =    57630064  coll =      493527525
                              ctm =    255.14     nrn =     5868078070
 dump   19 on file runtpk     nps =    61021428  coll =      522573649
                              ctm =    270.16     nrn =     6213447902
 dump   20 on file runtpk     nps =    64413560  coll =      551596393
                              ctm =    285.17     nrn =     6558523843
 dump   21 on file runtpk     nps =    67801928  coll =      580602593
                              ctm =    300.17     nrn =     6903434866
 dump   22 on file runtpk     nps =    71190296  coll =      609612281
                              ctm =    315.18     nrn =     7248372479
 dump   23 on file runtpk     nps =    74582428  coll =      638665109
                              ctm =    330.18     nrn =     7593798281
 dump   24 on file runtpk     nps =    77970796  coll =      667682166
                              ctm =    345.19     nrn =     7938823234
 dump   25 on file runtpk     nps =    81358396  coll =      696697361
                              ctm =    360.19     nrn =     8283855361
 dump   26 on file runtpk     nps =    84696356  coll =      725275944
                              ctm =    375.19     nrn =     8623670061
 dump   27 on file runtpk     nps =    88039084  coll =      753917295
                              ctm =    390.19     nrn =     8964216594
 dump   28 on file runtpk     nps =    91428000  coll =      782926733
                              ctm =    405.20     nrn =     9309141258
 dump   29 on file runtpk     nps =    94788623  coll =      811707634
                              ctm =    420.21     nrn =     9651360215
 dump   30 on file runtpk     nps =    98179241  coll =      840730035
                              ctm =    435.21     nrn =     9996423868
 run terminated when 100000000 particle histories were done.
 warning.  tally  14 tfc bin did not pass  1 of 10 statistical checks.
 warning.     1 of   1 tallies did not pass all 10 statistical checks.
 warning.     1 of   1 tallies had bins with large relative errors.
 dump   31 on file runtpk     nps =   100000000  coll =      856318638
                              ctm =    443.27     nrn =    10181786999
 mcrun  is done
