 mcnpx    ver=2.5e  ld=Mon Feb 23 08:00:00 MST 2004   05/02/15 15:01:36

 *****************************************************
 *                                                   *
 *            Copyright Notice for MCNPX             *
 *                                                   *
 * This program was prepared by the Regents of the   *
 * University of California at Los Alamos National   *
 * Laboratory (the University) under contract number *
 * W-7405-ENG-36 with the U.S. Department of Energy  *
 * (DOE).  The University has certain rights in the  *
 * program pursuant to the contract and the program  *
 * should not be copied or distributed outside your  *
 * organization.   All rights in the program are     *
 * reserved by the DOE and the University.  Neither  *
 * the U.S. Government nor the University makes any  *
 * warranty, express or implied, or assumes any      *
 * liability or responsibility for the use of this   *
 * software.                                         *
 *                                                   *
 *****************************************************
 m5: 1001.50c 0.433013139 8016.24c 0.254732249 6000 0.007709002       
 warning.  neutron table inconsistent with mode will be ignored.
 warning.  neutron table inconsistent with mode will be ignored.
          12000 0.002737254 13027.60c 0.009664184 14000 0.086027996   
 warning.  neutron table inconsistent with mode will be ignored.
          16000 0.001452421 20000.60c 0.015641454 26000 0.00525106    
 warning.  neutron table inconsistent with mode will be ignored.
          5010.60c 0.00420085 5011.60c 0.00105021 22000 0.178520181   
 warning.  neutron table inconsistent with mode will be ignored.
 warning.  neutron table inconsistent with mode will be ignored.
 m6: 1001.50c 0.16669048 8016.24c 0.565556984                         
 warning.  neutron table inconsistent with mode will be ignored.
 warning.  neutron table inconsistent with mode will be ignored.
          12000 0.006096109 13027.60c 0.021431633 14000 0.190503405   
 warning.  neutron table inconsistent with mode will be ignored.
          16000 0.003190932 20000.60c 0.034885936 26000 0.011644521   
 warning.  neutron table inconsistent with mode will be ignored.
 m8: 16000 0.333333 1001.50c 0.666667                                 
 warning.  neutron table inconsistent with mode will be ignored.
 
 warning.   322 surfaces were deleted for being the same as others.
 warning.    19 energy bins of tally  14 are below energy cutoff.
 imcn   is done
 runtpe already exists.  runtpf is created instead.
 runtpf already exists.  runtpg is created instead.
 runtpg already exists.  runtph is created instead.
 runtph already exists.  runtpi is created instead.
 runtpi already exists.  runtpj is created instead.
 runtpj already exists.  runtpk is created instead.
 runtpk already exists.  runtpl is created instead.
 warning.  material    7 has been set to a conductor.
 dump    1 on file runtpl     nps =           0  coll =              0
                              ctm =      0.00     nrn =              0
 xact   is done
 dynamic storage =         0 words,          0 bytes.      cp0 =  0.01
 dump    2 on file runtpl     nps =     3369247  coll =       29045594
                              ctm =     15.00     nrn =      345211267
 dump    3 on file runtpl     nps =     6772560  coll =       58378200
                              ctm =     30.01     nrn =      693809801
 dump    4 on file runtpl     nps =    10138080  coll =       87384854
                              ctm =     45.02     nrn =     1038564056
 dump    5 on file runtpl     nps =    13545120  coll =      116745565
                              ctm =     60.03     nrn =     1387498923
 dump    6 on file runtpl     nps =    16948514  coll =      146078948
                              ctm =     75.04     nrn =     1736109136
 dump    7 on file runtpl     nps =    20112026  coll =      173348377
                              ctm =     90.05     nrn =     2060198774
 dump    8 on file runtpl     nps =    23205777  coll =      200014182
                              ctm =    105.05     nrn =     2377117571
 dump    9 on file runtpl     nps =    26204172  coll =      225860038
                              ctm =    120.07     nrn =     2684302904
 dump   10 on file runtpl     nps =    29195034  coll =      251644411
                              ctm =    135.07     nrn =     2990760489
 dump   11 on file runtpl     nps =    32170987  coll =      277287085
                              ctm =    150.08     nrn =     3295547421
 dump   12 on file runtpl     nps =    35124393  coll =      302752628
                              ctm =    165.09     nrn =     3598219397
 dump   13 on file runtpl     nps =    38059558  coll =      328060581
                              ctm =    180.10     nrn =     3899021494
 dump   14 on file runtpl     nps =    41121552  coll =      354452646
                              ctm =    195.11     nrn =     4212681814
 dump   15 on file runtpl     nps =    44046885  coll =      379661915
                              ctm =    210.12     nrn =     4512294045
 dump   16 on file runtpl     nps =    47040121  coll =      405463029
                              ctm =    225.12     nrn =     4818944105
 dump   17 on file runtpl     nps =    50061860  coll =      431520132
                              ctm =    240.12     nrn =     5128615835
 dump   18 on file runtpl     nps =    53460971  coll =      460816299
                              ctm =    255.13     nrn =     5476826904
 dump   19 on file runtpl     nps =    56859240  coll =      490110590
                              ctm =    270.14     nrn =     5824980376
 dump   20 on file runtpl     nps =    60258403  coll =      519407197
                              ctm =    285.16     nrn =     6173203922
 dump   21 on file runtpl     nps =    63656856  coll =      548691042
                              ctm =    300.17     nrn =     6521236757
 dump   22 on file runtpl     nps =    67052376  coll =      577938240
                              ctm =    315.17     nrn =     6868854109
 dump   23 on file runtpl     nps =    70449499  coll =      607213116
                              ctm =    330.19     nrn =     7216785682
 dump   24 on file runtpl     nps =    73849210  coll =      636524716
                              ctm =    345.19     nrn =     7565155943
 dump   25 on file runtpl     nps =    76840948  coll =      662304991
                              ctm =    360.19     nrn =     7871559454
 dump   26 on file runtpl     nps =    79982717  coll =      689388619
                              ctm =    375.19     nrn =     8193489950
 dump   27 on file runtpl     nps =    83375639  coll =      718635986
                              ctm =    390.20     nrn =     8541114285
 dump   28 on file runtpl     nps =    86769214  coll =      747893315
                              ctm =    405.21     nrn =     8888852270
 dump   29 on file runtpl     nps =    90165640  coll =      777159775
                              ctm =    420.21     nrn =     9236670365
 dump   30 on file runtpl     nps =    93562239  coll =      806433985
                              ctm =    435.22     nrn =     9584612890
 dump   31 on file runtpl     nps =    96957874  coll =      835704945
                              ctm =    450.22     nrn =     9932489839
 run terminated when 100000000 particle histories were done.
 warning.  tally  14 tfc bin did not pass  1 of 10 statistical checks.
 warning.     1 of   1 tallies did not pass all 10 statistical checks.
 warning.     1 of   1 tallies had bins with large relative errors.
 dump   32 on file runtpl     nps =   100000000  coll =      861910825
                              ctm =    463.66     nrn =    10243962558
 mcrun  is done
