 mcnpx    ver=2.5e  ld=Mon Feb 23 08:00:00 MST 2004   05/02/15 15:16:37

 *****************************************************
 *                                                   *
 *            Copyright Notice for MCNPX             *
 *                                                   *
 * This program was prepared by the Regents of the   *
 * University of California at Los Alamos National   *
 * Laboratory (the University) under contract number *
 * W-7405-ENG-36 with the U.S. Department of Energy  *
 * (DOE).  The University has certain rights in the  *
 * program pursuant to the contract and the program  *
 * should not be copied or distributed outside your  *
 * organization.   All rights in the program are     *
 * reserved by the DOE and the University.  Neither  *
 * the U.S. Government nor the University makes any  *
 * warranty, express or implied, or assumes any      *
 * liability or responsibility for the use of this   *
 * software.                                         *
 *                                                   *
 *****************************************************
 m5: 1001.50c 0.433013139 8016.24c 0.254732249 6000 0.007709002       
 warning.  neutron table inconsistent with mode will be ignored.
 warning.  neutron table inconsistent with mode will be ignored.
          12000 0.002737254 13027.60c 0.009664184 14000 0.086027996   
 warning.  neutron table inconsistent with mode will be ignored.
          16000 0.001452421 20000.60c 0.015641454 26000 0.00525106    
 warning.  neutron table inconsistent with mode will be ignored.
          5010.60c 0.00420085 5011.60c 0.00105021 22000 0.178520181   
 warning.  neutron table inconsistent with mode will be ignored.
 warning.  neutron table inconsistent with mode will be ignored.
 m6: 1001.50c 0.16669048 8016.24c 0.565556984                         
 warning.  neutron table inconsistent with mode will be ignored.
 warning.  neutron table inconsistent with mode will be ignored.
          12000 0.006096109 13027.60c 0.021431633 14000 0.190503405   
 warning.  neutron table inconsistent with mode will be ignored.
          16000 0.003190932 20000.60c 0.034885936 26000 0.011644521   
 warning.  neutron table inconsistent with mode will be ignored.
 m8: 16000 0.333333 1001.50c 0.666667                                 
 warning.  neutron table inconsistent with mode will be ignored.
 
 warning.   322 surfaces were deleted for being the same as others.
 warning.    19 energy bins of tally  14 are below energy cutoff.
 imcn   is done
 runtpe already exists.  runtpf is created instead.
 runtpf already exists.  runtpg is created instead.
 runtpg already exists.  runtph is created instead.
 runtph already exists.  runtpi is created instead.
 runtpi already exists.  runtpj is created instead.
 runtpj already exists.  runtpk is created instead.
 runtpk already exists.  runtpl is created instead.
 runtpl already exists.  runtpm is created instead.
 runtpm already exists.  runtpn is created instead.
 runtpn already exists.  runtpo is created instead.
 runtpo already exists.  runtpp is created instead.
 runtpp already exists.  runtpq is created instead.
 runtpq already exists.  runtpr is created instead.
 runtpr already exists.  runtps is created instead.
 runtps already exists.  runtpt is created instead.
 runtpt already exists.  runtpu is created instead.
 runtpu already exists.  runtpv is created instead.
 runtpv already exists.  runtpw is created instead.
 runtpw already exists.  runtpx is created instead.
 runtpx already exists.  runtpy is created instead.
 runtpy already exists.  runtpz is created instead.
 runtpz already exists.  runtpa is created instead.
 runtpa already exists.  runtpb is created instead.
 warning.  material    7 has been set to a conductor.
 dump    1 on file runtpb     nps =           0  coll =              0
                              ctm =      0.00     nrn =              0
 xact   is done
 dynamic storage =         0 words,          0 bytes.      cp0 =  0.01
 dump    2 on file runtpb     nps =     2768964  coll =       14619414
                              ctm =     15.01     nrn =      180912384
 dump    3 on file runtpb     nps =     5506581  coll =       29081454
                              ctm =     30.02     nrn =      359856834
 dump    4 on file runtpb     nps =     8274701  coll =       43687676
                              ctm =     45.02     nrn =      540622104
 dump    5 on file runtpb     nps =    11046315  coll =       58331670
                              ctm =     60.03     nrn =      721808172
 dump    6 on file runtpb     nps =    13636526  coll =       72003174
                              ctm =     75.04     nrn =      890977202
 dump    7 on file runtpb     nps =    16053731  coll =       84748167
                              ctm =     90.05     nrn =     1048721616
 dump    8 on file runtpb     nps =    18528998  coll =       97815285
                              ctm =    105.06     nrn =     1210410591
 dump    9 on file runtpb     nps =    21016907  coll =      110962952
                              ctm =    120.07     nrn =     1373102803
 dump   10 on file runtpb     nps =    23490903  coll =      124040826
                              ctm =    135.08     nrn =     1534928726
 dump   11 on file runtpb     nps =    25865978  coll =      136574784
                              ctm =    150.10     nrn =     1690032124
 dump   12 on file runtpb     nps =    28328392  coll =      149587583
                              ctm =    165.11     nrn =     1851055825
 dump   13 on file runtpb     nps =    30745602  coll =      162342873
                              ctm =    180.12     nrn =     2008914330
 dump   14 on file runtpb     nps =    33239253  coll =      175503314
                              ctm =    195.14     nrn =     2171783496
 dump   15 on file runtpb     nps =    35739845  coll =      188712303
                              ctm =    210.15     nrn =     2335242066
 dump   16 on file runtpb     nps =    38247581  coll =      201949770
                              ctm =    225.16     nrn =     2499071754
 dump   17 on file runtpb     nps =    41014074  coll =      216551229
                              ctm =    240.16     nrn =     2679759984
 dump   18 on file runtpb     nps =    43778162  coll =      231128601
                              ctm =    255.16     nrn =     2860168376
 dump   19 on file runtpb     nps =    46541413  coll =      245711933
                              ctm =    270.17     nrn =     3040624625
 dump   20 on file runtpb     nps =    49304689  coll =      260312029
                              ctm =    285.18     nrn =     3221290435
 dump   21 on file runtpb     nps =    52066289  coll =      274893614
                              ctm =    300.18     nrn =     3401755150
 dump   22 on file runtpb     nps =    54829440  coll =      289474941
                              ctm =    315.19     nrn =     3582225753
 dump   23 on file runtpb     nps =    57593922  coll =      304061638
                              ctm =    330.20     nrn =     3762743661
 dump   24 on file runtpb     nps =    60073056  coll =      317155289
                              ctm =    345.20     nrn =     3924777115
 dump   25 on file runtpb     nps =    62662778  coll =      330832033
                              ctm =    360.20     nrn =     4094009904
 dump   26 on file runtpb     nps =    65428740  coll =      345436148
                              ctm =    375.22     nrn =     4274722181
 dump   27 on file runtpb     nps =    68191954  coll =      360028168
                              ctm =    390.23     nrn =     4455298307
 dump   28 on file runtpb     nps =    70956050  coll =      374623118
                              ctm =    405.24     nrn =     4635906744
 dump   29 on file runtpb     nps =    73721766  coll =      389235673
                              ctm =    420.25     nrn =     4816720302
 dump   30 on file runtpb     nps =    76487028  coll =      403820107
                              ctm =    435.26     nrn =     4997217735
 dump   31 on file runtpb     nps =    79178398  coll =      418023931
                              ctm =    450.27     nrn =     5173014321
 dump   32 on file runtpb     nps =    81635349  coll =      430998439
                              ctm =    465.30     nrn =     5333574711
 dump   33 on file runtpb     nps =    83371965  coll =      440178991
                              ctm =    480.31     nrn =     5447180056
 dump   34 on file runtpb     nps =    85980886  coll =      453960056
                              ctm =    495.31     nrn =     5617722720
 dump   35 on file runtpb     nps =    87940246  coll =      464314204
                              ctm =    510.32     nrn =     5745843382
 dump   36 on file runtpb     nps =    89683894  coll =      473522635
                              ctm =    525.33     nrn =     5859776753
 dump   37 on file runtpb     nps =    91353206  coll =      482332401
                              ctm =    540.34     nrn =     5968817122
 dump   38 on file runtpb     nps =    93018800  coll =      491124357
                              ctm =    555.35     nrn =     6077630661
 dump   39 on file runtpb     nps =    94683150  coll =      499909597
                              ctm =    570.38     nrn =     6186342649
 dump   40 on file runtpb     nps =    96346747  coll =      508702675
                              ctm =    585.39     nrn =     6295132506
 dump   41 on file runtpb     nps =    98090378  coll =      517902849
                              ctm =    600.41     nrn =     6408983982
 dump   42 on file runtpb     nps =    99759436  coll =      526718628
                              ctm =    615.43     nrn =     6518069547
 run terminated when 100000000 particle histories were done.
 warning.  tally  14 tfc bin did not pass  1 of 10 statistical checks.
 warning.     1 of   1 tallies did not pass all 10 statistical checks.
 warning.     1 of   1 tallies had bins with large relative errors.
 dump   43 on file runtpb     nps =   100000000  coll =      527988117
                              ctm =    617.60     nrn =     6533783885
 mcrun  is done
