 mcnpx    ver=2.5e  ld=Mon Feb 23 08:00:00 MST 2004   05/02/15 15:46:39

 *****************************************************
 *                                                   *
 *            Copyright Notice for MCNPX             *
 *                                                   *
 * This program was prepared by the Regents of the   *
 * University of California at Los Alamos National   *
 * Laboratory (the University) under contract number *
 * W-7405-ENG-36 with the U.S. Department of Energy  *
 * (DOE).  The University has certain rights in the  *
 * program pursuant to the contract and the program  *
 * should not be copied or distributed outside your  *
 * organization.   All rights in the program are     *
 * reserved by the DOE and the University.  Neither  *
 * the U.S. Government nor the University makes any  *
 * warranty, express or implied, or assumes any      *
 * liability or responsibility for the use of this   *
 * software.                                         *
 *                                                   *
 *****************************************************
 m5: 1001.50c 0.433013139 8016.24c 0.254732249 6000 0.007709002       
 warning.  neutron table inconsistent with mode will be ignored.
 warning.  neutron table inconsistent with mode will be ignored.
          12000 0.002737254 13027.60c 0.009664184 14000 0.086027996   
 warning.  neutron table inconsistent with mode will be ignored.
          16000 0.001452421 20000.60c 0.015641454 26000 0.00525106    
 warning.  neutron table inconsistent with mode will be ignored.
          5010.60c 0.00420085 5011.60c 0.00105021 22000 0.178520181   
 warning.  neutron table inconsistent with mode will be ignored.
 warning.  neutron table inconsistent with mode will be ignored.
 m6: 1001.50c 0.16669048 8016.24c 0.565556984                         
 warning.  neutron table inconsistent with mode will be ignored.
 warning.  neutron table inconsistent with mode will be ignored.
          12000 0.006096109 13027.60c 0.021431633 14000 0.190503405   
 warning.  neutron table inconsistent with mode will be ignored.
          16000 0.003190932 20000.60c 0.034885936 26000 0.011644521   
 warning.  neutron table inconsistent with mode will be ignored.
 m8: 16000 0.333333 1001.50c 0.666667                                 
 warning.  neutron table inconsistent with mode will be ignored.
 
 warning.   321 surfaces were deleted for being the same as others.
 warning.    19 energy bins of tally  14 are below energy cutoff.
 imcn   is done
 runtpe already exists.  runtpf is created instead.
 runtpf already exists.  runtpg is created instead.
 runtpg already exists.  runtph is created instead.
 runtph already exists.  runtpi is created instead.
 runtpi already exists.  runtpj is created instead.
 runtpj already exists.  runtpk is created instead.
 runtpk already exists.  runtpl is created instead.
 runtpl already exists.  runtpm is created instead.
 runtpm already exists.  runtpn is created instead.
 runtpn already exists.  runtpo is created instead.
 runtpo already exists.  runtpp is created instead.
 runtpp already exists.  runtpq is created instead.
 runtpq already exists.  runtpr is created instead.
 runtpr already exists.  runtps is created instead.
 runtps already exists.  runtpt is created instead.
 runtpt already exists.  runtpu is created instead.
 runtpu already exists.  runtpv is created instead.
 runtpv already exists.  runtpw is created instead.
 runtpw already exists.  runtpx is created instead.
 runtpx already exists.  runtpy is created instead.
 runtpy already exists.  runtpz is created instead.
 runtpz already exists.  runtpa is created instead.
 runtpa already exists.  runtpb is created instead.
 runtpb already exists.  runtpc is created instead.
 warning.  material    7 has been set to a conductor.
 dump    1 on file runtpc     nps =           0  coll =              0
                              ctm =      0.00     nrn =              0
 xact   is done
 dynamic storage =         0 words,          0 bytes.      cp0 =  0.01
 dump    2 on file runtpc     nps =     3399706  coll =       29430856
                              ctm =     15.01     nrn =      349694419
 dump    3 on file runtpc     nps =     6799450  coll =       58851839
                              ctm =     30.01     nrn =      699257272
 dump    4 on file runtpc     nps =     9960459  coll =       86213337
                              ctm =     45.02     nrn =     1024373409
 dump    5 on file runtpc     nps =    12909991  coll =      111739077
                              ctm =     60.03     nrn =     1327645545
 dump    6 on file runtpc     nps =    15853161  coll =      137203305
                              ctm =     75.03     nrn =     1630206920
 dump    7 on file runtpc     nps =    18811439  coll =      162805886
                              ctm =     90.04     nrn =     1934392457
 dump    8 on file runtpc     nps =    21786816  coll =      188561598
                              ctm =    105.06     nrn =     2240412182
 dump    9 on file runtpc     nps =    24879958  coll =      215336639
                              ctm =    120.07     nrn =     2558575299
 dump   10 on file runtpc     nps =    27879615  coll =      241296198
                              ctm =    135.08     nrn =     2867030355
 dump   11 on file runtpc     nps =    30846760  coll =      266980367
                              ctm =    150.09     nrn =     3172208201
 dump   12 on file runtpc     nps =    33840480  coll =      292883716
                              ctm =    165.10     nrn =     3480019699
 dump   13 on file runtpc     nps =    36774709  coll =      318300183
                              ctm =    180.11     nrn =     3782020473
 dump   14 on file runtpc     nps =    39829934  coll =      344742720
                              ctm =    195.12     nrn =     4096209035
 dump   15 on file runtpc     nps =    43227221  coll =      374149623
                              ctm =    210.13     nrn =     4445616618
 dump   16 on file runtpc     nps =    46616853  coll =      403477550
                              ctm =    225.13     nrn =     4794078368
 dump   17 on file runtpc     nps =    50012083  coll =      432875240
                              ctm =    240.15     nrn =     5143373978
 dump   18 on file runtpc     nps =    53404943  coll =      462239790
                              ctm =    255.15     nrn =     5492305515
 dump   19 on file runtpc     nps =    56803122  coll =      491654690
                              ctm =    270.16     nrn =     5841795203
 dump   20 on file runtpc     nps =    60195761  coll =      521018178
                              ctm =    285.16     nrn =     6190723900
 dump   21 on file runtpc     nps =    63591189  coll =      550398244
                              ctm =    300.16     nrn =     6539803183
 dump   22 on file runtpc     nps =    66657384  coll =      576915795
                              ctm =    315.17     nrn =     6854900040
 dump   23 on file runtpc     nps =    69727013  coll =      603474430
                              ctm =    330.18     nrn =     7170467099
 dump   24 on file runtpc     nps =    73121167  coll =      632861300
                              ctm =    345.19     nrn =     7519635708
 dump   25 on file runtpc     nps =    76517925  coll =      662252635
                              ctm =    360.19     nrn =     7868859292
 dump   26 on file runtpc     nps =    79912890  coll =      691641021
                              ctm =    375.20     nrn =     8218090558
 dump   27 on file runtpc     nps =    83310443  coll =      721051606
                              ctm =    390.22     nrn =     8567563678
 dump   28 on file runtpc     nps =    86701171  coll =      750401700
                              ctm =    405.23     nrn =     8916312046
 dump   29 on file runtpc     nps =    90059614  coll =      779463225
                              ctm =    420.24     nrn =     9261606142
 dump   30 on file runtpc     nps =    93277633  coll =      807313478
                              ctm =    435.26     nrn =     9592529106
 dump   31 on file runtpc     nps =    95325566  coll =      825039176
                              ctm =    450.26     nrn =     9803155118
 dump   32 on file runtpc     nps =    98437988  coll =      851964160
                              ctm =    465.27     nrn =    10123063183
 run terminated when 100000000 particle histories were done.
 warning.  tally  14 tfc bin did not pass  1 of 10 statistical checks.
 warning.     1 of   1 tallies did not pass all 10 statistical checks.
 warning.     1 of   1 tallies had bins with large relative errors.
 dump   33 on file runtpc     nps =   100000000  coll =      865479943
                              ctm =    472.40     nrn =    10283663966
 mcrun  is done
